{
  "numFailedTestSuites": 1,
  "numFailedTests": 1,
  "numPassedTestSuites": 0,
  "numPassedTests": 2,
  "numPendingTestSuites": 0,
  "numPendingTests": 0,
  "numRuntimeErrorTestSuites": 0,
  "numTodoTests": 0,
  "numTotalTestSuites": 1,
  "numTotalTests": 3,
  "openHandles": [],
  "snapshot": {
    "added": 0,
    "didUpdate": false,
    "failure": false,
    "filesAdded": 0,
    "filesRemoved": 0,
    "filesRemovedList": [],
    "filesUnmatched": 0,
    "filesUpdated": 0,
    "matched": 0,
    "total": 0,
    "unchecked": 0,
    "uncheckedKeysByFile": [],
    "unmatched": 0,
    "updated": 0
  },
  "startTime": 1578227420392,
  "success": false,
  "testResults": [
    {
      "failureMessage": "\u001b[1m\u001b[31m  \u001b[1m● \u001b[1mworking-directory › test runs\u001b[39m\u001b[22m\n\n    Command failed: node /home/runner/work/github-action-working-directory/github-action-working-directory/lib/main.js\n    internal/modules/cjs/loader.js:800\n        throw err;\n        ^\n\n    Error: Cannot find module '/home/runner/work/github-action-working-directory/github-action-working-directory/lib/main.js'\n\u001b[2m\u001b[22m\n\u001b[2m    \u001b[0m \u001b[90m 26 | \u001b[39m    }\u001b[33m;\u001b[39m\u001b[0m\u001b[22m\n\u001b[2m    \u001b[0m \u001b[90m 27 | \u001b[39m    \u001b[90m// eslint-disable-next-line no-console\u001b[39m\u001b[0m\u001b[22m\n\u001b[2m    \u001b[0m\u001b[31m\u001b[1m>\u001b[2m\u001b[39m\u001b[90m 28 | \u001b[39m    console\u001b[33m.\u001b[39mlog(cp\u001b[33m.\u001b[39mexecSync(\u001b[32m`node ${ip}`\u001b[39m\u001b[33m,\u001b[39m options)\u001b[33m.\u001b[39mtoString())\u001b[33m;\u001b[39m\u001b[0m\u001b[22m\n\u001b[2m    \u001b[0m \u001b[90m    | \u001b[39m                   \u001b[31m\u001b[1m^\u001b[2m\u001b[39m\u001b[0m\u001b[22m\n\u001b[2m    \u001b[0m \u001b[90m 29 | \u001b[39m  })\u001b[33m;\u001b[39m\u001b[0m\u001b[22m\n\u001b[2m    \u001b[0m \u001b[90m 30 | \u001b[39m})\u001b[33m;\u001b[39m\u001b[0m\u001b[22m\n\u001b[2m    \u001b[0m \u001b[90m 31 | \u001b[39m\u001b[0m\u001b[22m\n\u001b[2m\u001b[22m\n\u001b[2m      \u001b[2mat \u001b[2minternal/main/run_main_module.js\u001b[2m:17:11 {\u001b[2m\u001b[22m\n\u001b[2m        code: 'MODULE_NOT_FOUND',\u001b[22m\n\u001b[2m        requireStack: []\u001b[22m\n\u001b[2m      }\u001b[22m\n\u001b[2m      \u001b[2mat Object.<anonymous> (\u001b[2m\u001b[0m\u001b[36mtests/main.ts\u001b[39m\u001b[0m\u001b[2m:28:20)\u001b[2m\u001b[22m\n",
      "numFailingTests": 1,
      "numPassingTests": 2,
      "numPendingTests": 0,
      "numTodoTests": 0,
      "perfStats": {
        "end": 1578227423781,
        "start": 1578227420435
      },
      "snapshot": {
        "added": 0,
        "fileDeleted": false,
        "matched": 0,
        "unchecked": 0,
        "unmatched": 0,
        "updated": 0,
        "uncheckedKeys": []
      },
      "testFilePath": "/home/runner/work/github-action-working-directory/github-action-working-directory/tests/main.ts",
      "testResults": [
        {
          "ancestorTitles": [
            "working-directory"
          ],
          "duration": 4,
          "failureMessages": [],
          "fullName": "working-directory throws invalid number",
          "location": null,
          "numPassingAsserts": 0,
          "status": "passed",
          "title": "throws invalid number"
        },
        {
          "ancestorTitles": [
            "working-directory"
          ],
          "duration": 502,
          "failureMessages": [],
          "fullName": "working-directory wait 500 ms",
          "location": null,
          "numPassingAsserts": 0,
          "status": "passed",
          "title": "wait 500 ms"
        },
        {
          "ancestorTitles": [
            "working-directory"
          ],
          "duration": 40,
          "failureMessages": [
            "Error: Command failed: node /home/runner/work/github-action-working-directory/github-action-working-directory/lib/main.js\ninternal/modules/cjs/loader.js:800\n    throw err;\n    ^\n\nError: Cannot find module '/home/runner/work/github-action-working-directory/github-action-working-directory/lib/main.js'\n    at Function.Module._resolveFilename (internal/modules/cjs/loader.js:797:15)\n    at Function.Module._load (internal/modules/cjs/loader.js:690:27)\n    at Function.Module.runMain (internal/modules/cjs/loader.js:1047:10)\n    at internal/main/run_main_module.js:17:11 {\n  code: 'MODULE_NOT_FOUND',\n  requireStack: []\n}\n\n    at checkExecSyncError (child_process.js:621:11)\n    at Object.execSync (child_process.js:657:15)\n    at Object.<anonymous> (/home/runner/work/github-action-working-directory/github-action-working-directory/tests/main.ts:28:20)\n    at Object.asyncJestTest (/home/runner/work/github-action-working-directory/github-action-working-directory/node_modules/jest-jasmine2/build/jasmineAsyncInstall.js:102:37)\n    at /home/runner/work/github-action-working-directory/github-action-working-directory/node_modules/jest-jasmine2/build/queueRunner.js:43:12\n    at new Promise (<anonymous>)\n    at mapper (/home/runner/work/github-action-working-directory/github-action-working-directory/node_modules/jest-jasmine2/build/queueRunner.js:26:19)\n    at /home/runner/work/github-action-working-directory/github-action-working-directory/node_modules/jest-jasmine2/build/queueRunner.js:73:41"
          ],
          "fullName": "working-directory test runs",
          "location": null,
          "numPassingAsserts": 0,
          "status": "failed",
          "title": "test runs"
        }
      ],
      "skipped": false,
      "leaks": false
    }
  ],
  "wasInterrupted": false
}