{
  "numFailedTestSuites": 2,
  "numFailedTests": 3,
  "numPassedTestSuites": 3,
  "numPassedTests": 12,
  "numPendingTestSuites": 0,
  "numPendingTests": 0,
  "numRuntimeErrorTestSuites": 0,
  "numTodoTests": 0,
  "numTotalTestSuites": 5,
  "numTotalTests": 15,
  "openHandles": [],
  "snapshot": {
    "added": 0,
    "didUpdate": false,
    "failure": false,
    "filesAdded": 0,
    "filesRemoved": 0,
    "filesRemovedList": [],
    "filesUnmatched": 0,
    "filesUpdated": 0,
    "matched": 0,
    "total": 0,
    "unchecked": 0,
    "uncheckedKeysByFile": [],
    "unmatched": 0,
    "updated": 0
  },
  "startTime": 1578466336580,
  "success": false,
  "testResults": [
    {
      "failureMessage": "\u001b[1m\u001b[31m  \u001b[1m● \u001b[1mGitHub Actions Test › Test script execution [runs.main] › runs.main has expected output\u001b[39m\u001b[22m\n\n    \u001b[2mexpect(\u001b[22m\u001b[31mreceived\u001b[39m\u001b[2m).\u001b[22mtoBe\u001b[2m(\u001b[22m\u001b[32mexpected\u001b[39m\u001b[2m) // Object.is equality\u001b[22m\n\n    \u001b[32m- Expected\u001b[39m\n    \u001b[31m+ Received\u001b[39m\n\n    \u001b[32m- foobar\u001b[39m\n    \u001b[31m+ stdout > ::debug::Reading inputs\u001b[39m\n    \u001b[31m+ stdout > ::debug::cloning repo(https://github.com/undefined) into dir()\u001b[39m\n    \u001b[31m+ stdout > ::debug::Cloned: [object Promise]\u001b[39m\n    \u001b[31m+ stderr > (node:3017) UnhandledPromiseRejectionWarning: Error: Callback is required and must be a Function.\u001b[39m\n    \u001b[31m+     at /home/runner/work/github-action-working-directory/github-action-working-directory/dist/node_modules/nodegit-promise/lib/node-extensions.js:24:1\u001b[39m\n    \u001b[31m+     at tryCallTwo (/home/runner/work/github-action-working-directory/github-action-working-directory/dist/node_modules/nodegit-promise/lib/core.js:45:1)\u001b[39m\n    \u001b[31m+     at doResolve (/home/runner/work/github-action-working-directory/github-action-working-directory/dist/node_modules/nodegit-promise/lib/core.js:173:1)\u001b[39m\n    \u001b[31m+     at new Promise (/home/runner/work/github-action-working-directory/github-action-working-directory/dist/node_modules/nodegit-promise/lib/core.js:65:1)\u001b[39m\n    \u001b[31m+     at Function.clone (/home/runner/work/github-action-working-directory/github-action-working-directory/dist/node_modules/nodegit-promise/lib/node-extensions.js:19:1)\u001b[39m\n    \u001b[31m+     at Object.<anonymous> (/home/runner/work/github-action-working-directory/github-action-working-directory/dist/src/utils/clone.ts:28:1)\u001b[39m\n    \u001b[31m+     at Generator.next (<anonymous>)\u001b[39m\n    \u001b[31m+     at /home/runner/work/github-action-working-directory/github-action-working-directory/dist/src/utils/clone.ts:8:1\u001b[39m\n    \u001b[31m+     at new Promise (<anonymous>)\u001b[39m\n    \u001b[31m+     at module.exports.335.__awaiter (/home/runner/work/github-action-working-directory/github-action-working-directory/dist/src/utils/clone.ts:4:1)\u001b[39m\n    \u001b[31m+ stderr > (node:3017) UnhandledPromiseRejectionWarning: Unhandled promise rejection. This error originated either by throwing inside of an async function without a catch block, or by rejecting a promise which was not handled with .catch(). (rejection id: 1)\u001b[39m\n    \u001b[31m+ stderr > (node:3017) [DEP0018] DeprecationWarning: Unhandled promise rejections are deprecated. In the future, promise rejections that are not handled will terminate the Node.js process with a non-zero exit code.\u001b[39m\n    \u001b[31m+ \u001b[39m\n\u001b[2m\u001b[22m\n\u001b[2m    \u001b[0m \u001b[90m 128 | \u001b[39m        \u001b[36mconst\u001b[39m output \u001b[33m=\u001b[39m await executionResult\u001b[33m.\u001b[39mpromise\u001b[33m;\u001b[39m\u001b[0m\u001b[22m\n\u001b[2m    \u001b[0m \u001b[90m 129 | \u001b[39m\u001b[0m\u001b[22m\n\u001b[2m    \u001b[0m\u001b[31m\u001b[1m>\u001b[2m\u001b[39m\u001b[90m 130 | \u001b[39m        expect(output)\u001b[33m.\u001b[39mtoBe(\u001b[32m'foobar'\u001b[39m)\u001b[33m;\u001b[39m\u001b[0m\u001b[22m\n\u001b[2m    \u001b[0m \u001b[90m     | \u001b[39m                       \u001b[31m\u001b[1m^\u001b[2m\u001b[39m\u001b[0m\u001b[22m\n\u001b[2m    \u001b[0m \u001b[90m 131 | \u001b[39m\u001b[0m\u001b[22m\n\u001b[2m    \u001b[0m \u001b[90m 132 | \u001b[39m        \u001b[36mif\u001b[39m (which \u001b[33m===\u001b[39m \u001b[32m'main'\u001b[39m) mainDone\u001b[33m.\u001b[39mresolve()\u001b[33m;\u001b[39m\u001b[0m\u001b[22m\n\u001b[2m    \u001b[0m \u001b[90m 133 | \u001b[39m      } \u001b[36mcatch\u001b[39m (e) {\u001b[0m\u001b[22m\n\u001b[2m\u001b[22m\n\u001b[2m      \u001b[2mat \u001b[2m\u001b[0m\u001b[36mtests/end-to-end.ts\u001b[39m\u001b[0m\u001b[2m:130:24\u001b[2m\u001b[22m\n\u001b[2m      \u001b[2mat fulfilled (\u001b[2m\u001b[0m\u001b[36mtests/end-to-end.ts\u001b[39m\u001b[0m\u001b[2m:5:58)\u001b[2m\u001b[22m\n",
      "numFailingTests": 1,
      "numPassingTests": 8,
      "numPendingTests": 0,
      "numTodoTests": 0,
      "perfStats": {
        "end": 1578466340271,
        "start": 1578466336645
      },
      "snapshot": {
        "added": 0,
        "fileDeleted": false,
        "matched": 0,
        "unchecked": 0,
        "unmatched": 0,
        "updated": 0,
        "uncheckedKeys": []
      },
      "testFilePath": "/home/runner/work/github-action-working-directory/github-action-working-directory/tests/end-to-end.ts",
      "testResults": [
        {
          "ancestorTitles": [
            "GitHub Actions Test"
          ],
          "duration": 3,
          "failureMessages": [],
          "fullName": "GitHub Actions Test action.yml exists",
          "location": null,
          "numPassingAsserts": 0,
          "status": "passed",
          "title": "action.yml exists"
        },
        {
          "ancestorTitles": [
            "GitHub Actions Test"
          ],
          "duration": 4,
          "failureMessages": [],
          "fullName": "GitHub Actions Test can read action.yml",
          "location": null,
          "numPassingAsserts": 0,
          "status": "passed",
          "title": "can read action.yml"
        },
        {
          "ancestorTitles": [
            "GitHub Actions Test"
          ],
          "duration": 5,
          "failureMessages": [],
          "fullName": "GitHub Actions Test action.yml has valid yaml",
          "location": null,
          "numPassingAsserts": 0,
          "status": "passed",
          "title": "action.yml has valid yaml"
        },
        {
          "ancestorTitles": [
            "GitHub Actions Test"
          ],
          "duration": 1,
          "failureMessages": [],
          "fullName": "GitHub Actions Test action.yml has correct runs.using",
          "location": null,
          "numPassingAsserts": 0,
          "status": "passed",
          "title": "action.yml has correct runs.using"
        },
        {
          "ancestorTitles": [
            "GitHub Actions Test",
            "Test script execution [runs.main]"
          ],
          "duration": 0,
          "failureMessages": [],
          "fullName": "GitHub Actions Test Test script execution [runs.main] action.yml has runs.main",
          "location": null,
          "numPassingAsserts": 0,
          "status": "passed",
          "title": "action.yml has runs.main"
        },
        {
          "ancestorTitles": [
            "GitHub Actions Test",
            "Test script execution [runs.main]"
          ],
          "duration": 1,
          "failureMessages": [],
          "fullName": "GitHub Actions Test Test script execution [runs.main] runs.main exists",
          "location": null,
          "numPassingAsserts": 0,
          "status": "passed",
          "title": "runs.main exists"
        },
        {
          "ancestorTitles": [
            "GitHub Actions Test",
            "Test script execution [runs.main]"
          ],
          "duration": 186,
          "failureMessages": [],
          "fullName": "GitHub Actions Test Test script execution [runs.main] can run runs.main",
          "location": null,
          "numPassingAsserts": 0,
          "status": "passed",
          "title": "can run runs.main"
        },
        {
          "ancestorTitles": [
            "GitHub Actions Test",
            "Test script execution [runs.main]"
          ],
          "duration": 0,
          "failureMessages": [],
          "fullName": "GitHub Actions Test Test script execution [runs.main] runs.main runs without error",
          "location": null,
          "numPassingAsserts": 0,
          "status": "passed",
          "title": "runs.main runs without error"
        },
        {
          "ancestorTitles": [
            "GitHub Actions Test",
            "Test script execution [runs.main]"
          ],
          "duration": 18,
          "failureMessages": [
            "Error: \u001b[2mexpect(\u001b[22m\u001b[31mreceived\u001b[39m\u001b[2m).\u001b[22mtoBe\u001b[2m(\u001b[22m\u001b[32mexpected\u001b[39m\u001b[2m) // Object.is equality\u001b[22m\n\n\u001b[32m- Expected\u001b[39m\n\u001b[31m+ Received\u001b[39m\n\n\u001b[32m- foobar\u001b[39m\n\u001b[31m+ stdout > ::debug::Reading inputs\u001b[39m\n\u001b[31m+ stdout > ::debug::cloning repo(https://github.com/undefined) into dir()\u001b[39m\n\u001b[31m+ stdout > ::debug::Cloned: [object Promise]\u001b[39m\n\u001b[31m+ stderr > (node:3017) UnhandledPromiseRejectionWarning: Error: Callback is required and must be a Function.\u001b[39m\n\u001b[31m+     at /home/runner/work/github-action-working-directory/github-action-working-directory/dist/node_modules/nodegit-promise/lib/node-extensions.js:24:1\u001b[39m\n\u001b[31m+     at tryCallTwo (/home/runner/work/github-action-working-directory/github-action-working-directory/dist/node_modules/nodegit-promise/lib/core.js:45:1)\u001b[39m\n\u001b[31m+     at doResolve (/home/runner/work/github-action-working-directory/github-action-working-directory/dist/node_modules/nodegit-promise/lib/core.js:173:1)\u001b[39m\n\u001b[31m+     at new Promise (/home/runner/work/github-action-working-directory/github-action-working-directory/dist/node_modules/nodegit-promise/lib/core.js:65:1)\u001b[39m\n\u001b[31m+     at Function.clone (/home/runner/work/github-action-working-directory/github-action-working-directory/dist/node_modules/nodegit-promise/lib/node-extensions.js:19:1)\u001b[39m\n\u001b[31m+     at Object.<anonymous> (/home/runner/work/github-action-working-directory/github-action-working-directory/dist/src/utils/clone.ts:28:1)\u001b[39m\n\u001b[31m+     at Generator.next (<anonymous>)\u001b[39m\n\u001b[31m+     at /home/runner/work/github-action-working-directory/github-action-working-directory/dist/src/utils/clone.ts:8:1\u001b[39m\n\u001b[31m+     at new Promise (<anonymous>)\u001b[39m\n\u001b[31m+     at module.exports.335.__awaiter (/home/runner/work/github-action-working-directory/github-action-working-directory/dist/src/utils/clone.ts:4:1)\u001b[39m\n\u001b[31m+ stderr > (node:3017) UnhandledPromiseRejectionWarning: Unhandled promise rejection. This error originated either by throwing inside of an async function without a catch block, or by rejecting a promise which was not handled with .catch(). (rejection id: 1)\u001b[39m\n\u001b[31m+ stderr > (node:3017) [DEP0018] DeprecationWarning: Unhandled promise rejections are deprecated. In the future, promise rejections that are not handled will terminate the Node.js process with a non-zero exit code.\u001b[39m\n\u001b[31m+ \u001b[39m\n    at /home/runner/work/github-action-working-directory/github-action-working-directory/tests/end-to-end.ts:130:24\n    at Generator.next (<anonymous>)\n    at fulfilled (/home/runner/work/github-action-working-directory/github-action-working-directory/tests/end-to-end.ts:5:58)\n    at processTicksAndRejections (internal/process/task_queues.js:93:5)"
          ],
          "fullName": "GitHub Actions Test Test script execution [runs.main] runs.main has expected output",
          "location": null,
          "numPassingAsserts": 0,
          "status": "failed",
          "title": "runs.main has expected output"
        }
      ],
      "skipped": false,
      "leaks": false
    },
    {
      "failureMessage": "\u001b[1m\u001b[31m  \u001b[1m● \u001b[1mutils/clone › clone can be called for non-existent branch\u001b[39m\u001b[22m\n\n    no reference found for shorthand 'this-branch-will-never-exist'\n\u001b[2m\u001b[22m\n\u001b[2m\u001b[22m\n\n\u001b[1m\u001b[31m  \u001b[1m● \u001b[1mutils/clone › clone can be called for existing branch\u001b[39m\u001b[22m\n\n    no reference found for shorthand 'master'\n\u001b[2m\u001b[22m\n\u001b[2m\u001b[22m\n",
      "numFailingTests": 2,
      "numPassingTests": 1,
      "numPendingTests": 0,
      "numTodoTests": 0,
      "perfStats": {
        "end": 1578466341314,
        "start": 1578466340322
      },
      "snapshot": {
        "added": 0,
        "fileDeleted": false,
        "matched": 0,
        "unchecked": 0,
        "unmatched": 0,
        "updated": 0,
        "uncheckedKeys": []
      },
      "testFilePath": "/home/runner/work/github-action-working-directory/github-action-working-directory/tests/utils.clone.ts",
      "testResults": [
        {
          "ancestorTitles": [
            "utils/clone"
          ],
          "duration": 1,
          "failureMessages": [],
          "fullName": "utils/clone clone is a function",
          "location": null,
          "numPassingAsserts": 0,
          "status": "passed",
          "title": "clone is a function"
        },
        {
          "ancestorTitles": [
            "utils/clone"
          ],
          "duration": 11,
          "failureMessages": [
            "Error: no reference found for shorthand 'this-branch-will-never-exist'"
          ],
          "fullName": "utils/clone clone can be called for non-existent branch",
          "location": null,
          "numPassingAsserts": 0,
          "status": "failed",
          "title": "clone can be called for non-existent branch"
        },
        {
          "ancestorTitles": [
            "utils/clone"
          ],
          "duration": 11,
          "failureMessages": [
            "Error: no reference found for shorthand 'master'"
          ],
          "fullName": "utils/clone clone can be called for existing branch",
          "location": null,
          "numPassingAsserts": 0,
          "status": "failed",
          "title": "clone can be called for existing branch"
        }
      ],
      "skipped": false,
      "leaks": false
    },
    {
      "failureMessage": null,
      "numFailingTests": 0,
      "numPassingTests": 1,
      "numPendingTests": 0,
      "numTodoTests": 0,
      "perfStats": {
        "end": 1578466342131,
        "start": 1578466341341
      },
      "snapshot": {
        "added": 0,
        "fileDeleted": false,
        "matched": 0,
        "unchecked": 0,
        "unmatched": 0,
        "updated": 0,
        "uncheckedKeys": []
      },
      "testFilePath": "/home/runner/work/github-action-working-directory/github-action-working-directory/tests/clone.ts",
      "testResults": [
        {
          "ancestorTitles": [
            "utils/clone"
          ],
          "duration": 502,
          "failureMessages": [],
          "fullName": "utils/clone clone can be called",
          "location": null,
          "numPassingAsserts": 0,
          "status": "passed",
          "title": "clone can be called"
        }
      ],
      "skipped": false,
      "leaks": false
    },
    {
      "failureMessage": null,
      "numFailingTests": 0,
      "numPassingTests": 1,
      "numPendingTests": 0,
      "numTodoTests": 0,
      "perfStats": {
        "end": 1578466342673,
        "start": 1578466342154
      },
      "snapshot": {
        "added": 0,
        "fileDeleted": false,
        "matched": 0,
        "unchecked": 0,
        "unmatched": 0,
        "updated": 0,
        "uncheckedKeys": []
      },
      "testFilePath": "/home/runner/work/github-action-working-directory/github-action-working-directory/tests/utils.commitAndPush.ts",
      "testResults": [
        {
          "ancestorTitles": [
            "utils/commitAndPush"
          ],
          "duration": 1,
          "failureMessages": [],
          "fullName": "utils/commitAndPush commitAndPush is a function",
          "location": null,
          "numPassingAsserts": 0,
          "status": "passed",
          "title": "commitAndPush is a function"
        }
      ],
      "skipped": false,
      "leaks": false
    },
    {
      "failureMessage": null,
      "numFailingTests": 0,
      "numPassingTests": 1,
      "numPendingTests": 0,
      "numTodoTests": 0,
      "perfStats": {
        "end": 1578466342971,
        "start": 1578466342698
      },
      "snapshot": {
        "added": 0,
        "fileDeleted": false,
        "matched": 0,
        "unchecked": 0,
        "unmatched": 0,
        "updated": 0,
        "uncheckedKeys": []
      },
      "testFilePath": "/home/runner/work/github-action-working-directory/github-action-working-directory/tests/utils.inputs.ts",
      "testResults": [
        {
          "ancestorTitles": [
            "utils/readInputs"
          ],
          "duration": 1,
          "failureMessages": [],
          "fullName": "utils/readInputs readInputs is a function",
          "location": null,
          "numPassingAsserts": 0,
          "status": "passed",
          "title": "readInputs is a function"
        }
      ],
      "skipped": false,
      "leaks": false
    }
  ],
  "wasInterrupted": false,
  "coverageMap": {
    "/home/runner/work/github-action-working-directory/github-action-working-directory/src/utils/clone.ts": {
      "path": "/home/runner/work/github-action-working-directory/github-action-working-directory/src/utils/clone.ts",
      "statementMap": {
        "0": {
          "start": {
            "line": 1,
            "column": 0
          },
          "end": {
            "line": 1,
            "column": 43
          }
        },
        "1": {
          "start": {
            "line": 2,
            "column": 0
          },
          "end": {
            "line": 2,
            "column": 38
          }
        },
        "2": {
          "start": {
            "line": 17,
            "column": 2
          },
          "end": {
            "line": 19,
            "column": null
          }
        },
        "3": {
          "start": {
            "line": 18,
            "column": 4
          },
          "end": {
            "line": 18,
            "column": 23
          }
        },
        "4": {
          "start": {
            "line": 21,
            "column": 2
          },
          "end": {
            "line": 21,
            "column": 53
          }
        },
        "5": {
          "start": {
            "line": 25,
            "column": 21
          },
          "end": {
            "line": 25,
            "column": 52
          }
        },
        "6": {
          "start": {
            "line": 27,
            "column": 2
          },
          "end": {
            "line": 27,
            "column": 42
          }
        },
        "7": {
          "start": {
            "line": 29,
            "column": 2
          },
          "end": {
            "line": 44,
            "column": null
          }
        },
        "8": {
          "start": {
            "line": 30,
            "column": 16
          },
          "end": {
            "line": 30,
            "column": 55
          }
        },
        "9": {
          "start": {
            "line": 34,
            "column": 4
          },
          "end": {
            "line": 34,
            "column": 32
          }
        },
        "10": {
          "start": {
            "line": 36,
            "column": 4
          },
          "end": {
            "line": 36,
            "column": 15
          }
        },
        "11": {
          "start": {
            "line": 38,
            "column": 4
          },
          "end": {
            "line": 38,
            "column": 39
          }
        },
        "12": {
          "start": {
            "line": 38,
            "column": 31
          },
          "end": {
            "line": 38,
            "column": 39
          }
        },
        "13": {
          "start": {
            "line": 39,
            "column": 4
          },
          "end": {
            "line": 39,
            "column": 70
          }
        },
        "14": {
          "start": {
            "line": 39,
            "column": 62
          },
          "end": {
            "line": 39,
            "column": 70
          }
        },
        "15": {
          "start": {
            "line": 41,
            "column": 4
          },
          "end": {
            "line": 41,
            "column": 56
          }
        },
        "16": {
          "start": {
            "line": 43,
            "column": 4
          },
          "end": {
            "line": 43,
            "column": 16
          }
        },
        "17": {
          "start": {
            "line": 11,
            "column": 0
          },
          "end": {
            "line": 11,
            "column": 22
          }
        }
      },
      "fnMap": {
        "0": {
          "name": "clone",
          "decl": {
            "start": {
              "line": 11,
              "column": 22
            },
            "end": {
              "line": 11,
              "column": 27
            }
          },
          "loc": {
            "start": {
              "line": 16,
              "column": 10
            },
            "end": {
              "line": 45,
              "column": null
            }
          }
        }
      },
      "branchMap": {
        "0": {
          "loc": {
            "start": {
              "line": 17,
              "column": 2
            },
            "end": {
              "line": 19,
              "column": null
            }
          },
          "type": "if",
          "locations": [
            {
              "start": {
                "line": 17,
                "column": 2
              },
              "end": {
                "line": 19,
                "column": null
              }
            },
            {
              "start": {
                "line": 17,
                "column": 2
              },
              "end": {
                "line": 19,
                "column": null
              }
            }
          ]
        },
        "1": {
          "loc": {
            "start": {
              "line": 38,
              "column": 4
            },
            "end": {
              "line": 38,
              "column": 39
            }
          },
          "type": "if",
          "locations": [
            {
              "start": {
                "line": 38,
                "column": 4
              },
              "end": {
                "line": 38,
                "column": 39
              }
            },
            {
              "start": {
                "line": 38,
                "column": 4
              },
              "end": {
                "line": 38,
                "column": 39
              }
            }
          ]
        },
        "2": {
          "loc": {
            "start": {
              "line": 39,
              "column": 4
            },
            "end": {
              "line": 39,
              "column": 70
            }
          },
          "type": "if",
          "locations": [
            {
              "start": {
                "line": 39,
                "column": 4
              },
              "end": {
                "line": 39,
                "column": 70
              }
            },
            {
              "start": {
                "line": 39,
                "column": 4
              },
              "end": {
                "line": 39,
                "column": 70
              }
            }
          ]
        }
      },
      "s": {
        "0": 1,
        "1": 1,
        "2": 2,
        "3": 2,
        "4": 2,
        "5": 2,
        "6": 2,
        "7": 2,
        "8": 2,
        "9": 0,
        "10": 0,
        "11": 2,
        "12": 2,
        "13": 0,
        "14": 0,
        "15": 0,
        "16": 0,
        "17": 1
      },
      "f": {
        "0": 2
      },
      "b": {
        "0": [
          2,
          0
        ],
        "1": [
          2,
          0
        ],
        "2": [
          0,
          0
        ]
      }
    },
    "/home/runner/work/github-action-working-directory/github-action-working-directory/src/utils/commitAndPush.ts": {
      "path": "/home/runner/work/github-action-working-directory/github-action-working-directory/src/utils/commitAndPush.ts",
      "statementMap": {
        "0": {
          "start": {
            "line": 1,
            "column": 0
          },
          "end": {
            "line": 1,
            "column": 30
          }
        },
        "1": {
          "start": {
            "line": 2,
            "column": 0
          },
          "end": {
            "line": 2,
            "column": 38
          }
        },
        "2": {
          "start": {
            "line": 30,
            "column": 2
          },
          "end": {
            "line": 32,
            "column": null
          }
        },
        "3": {
          "start": {
            "line": 31,
            "column": 4
          },
          "end": {
            "line": 31,
            "column": 23
          }
        },
        "4": {
          "start": {
            "line": 34,
            "column": 2
          },
          "end": {
            "line": 34,
            "column": 21
          }
        },
        "5": {
          "start": {
            "line": 35,
            "column": 21
          },
          "end": {
            "line": 35,
            "column": 65
          }
        },
        "6": {
          "start": {
            "line": 38,
            "column": 17
          },
          "end": {
            "line": 38,
            "column": 51
          }
        },
        "7": {
          "start": {
            "line": 40,
            "column": 2
          },
          "end": {
            "line": 40,
            "column": 40
          }
        },
        "8": {
          "start": {
            "line": 42,
            "column": 20
          },
          "end": {
            "line": 42,
            "column": 26
          }
        },
        "9": {
          "start": {
            "line": 44,
            "column": 2
          },
          "end": {
            "line": 44,
            "column": 46
          }
        },
        "10": {
          "start": {
            "line": 46,
            "column": 2
          },
          "end": {
            "line": 46,
            "column": 25
          }
        },
        "11": {
          "start": {
            "line": 47,
            "column": 16
          },
          "end": {
            "line": 47,
            "column": 47
          }
        },
        "12": {
          "start": {
            "line": 49,
            "column": 2
          },
          "end": {
            "line": 49,
            "column": 25
          }
        },
        "13": {
          "start": {
            "line": 51,
            "column": 21
          },
          "end": {
            "line": 51,
            "column": 26
          }
        },
        "14": {
          "start": {
            "line": 53,
            "column": 22
          },
          "end": {
            "line": 59,
            "column": null
          }
        },
        "15": {
          "start": {
            "line": 57,
            "column": 6
          },
          "end": {
            "line": 57,
            "column": 57
          }
        },
        "16": {
          "start": {
            "line": 58,
            "column": 6
          },
          "end": {
            "line": 58,
            "column": 15
          }
        },
        "17": {
          "start": {
            "line": 64,
            "column": 2
          },
          "end": {
            "line": 64,
            "column": 44
          }
        },
        "18": {
          "start": {
            "line": 66,
            "column": 2
          },
          "end": {
            "line": 66,
            "column": 23
          }
        },
        "19": {
          "start": {
            "line": 67,
            "column": 2
          },
          "end": {
            "line": 67,
            "column": 16
          }
        },
        "20": {
          "start": {
            "line": 69,
            "column": 2
          },
          "end": {
            "line": 69,
            "column": 28
          }
        },
        "21": {
          "start": {
            "line": 70,
            "column": 15
          },
          "end": {
            "line": 70,
            "column": 38
          }
        },
        "22": {
          "start": {
            "line": 72,
            "column": 24
          },
          "end": {
            "line": 72,
            "column": 58
          }
        },
        "23": {
          "start": {
            "line": 74,
            "column": 18
          },
          "end": {
            "line": 74,
            "column": 42
          }
        },
        "24": {
          "start": {
            "line": 76,
            "column": 17
          },
          "end": {
            "line": 82,
            "column": null
          }
        },
        "25": {
          "start": {
            "line": 85,
            "column": 2
          },
          "end": {
            "line": 85,
            "column": 62
          }
        },
        "26": {
          "start": {
            "line": 87,
            "column": 17
          },
          "end": {
            "line": 87,
            "column": 53
          }
        },
        "27": {
          "start": {
            "line": 89,
            "column": 2
          },
          "end": {
            "line": 89,
            "column": 30
          }
        },
        "28": {
          "start": {
            "line": 91,
            "column": 2
          },
          "end": {
            "line": 91,
            "column": 16
          }
        },
        "29": {
          "start": {
            "line": 22,
            "column": 0
          },
          "end": {
            "line": 22,
            "column": 22
          }
        }
      },
      "fnMap": {
        "0": {
          "name": "commitAndPush",
          "decl": {
            "start": {
              "line": 22,
              "column": 22
            },
            "end": {
              "line": 22,
              "column": 35
            }
          },
          "loc": {
            "start": {
              "line": 29,
              "column": 10
            },
            "end": {
              "line": 92,
              "column": null
            }
          }
        },
        "1": {
          "name": "(anonymous_11)",
          "decl": {
            "start": {
              "line": 56,
              "column": 4
            },
            "end": {
              "line": 56,
              "column": 5
            }
          },
          "loc": {
            "start": {
              "line": 56,
              "column": 43
            },
            "end": {
              "line": 59,
              "column": 5
            }
          }
        }
      },
      "branchMap": {
        "0": {
          "loc": {
            "start": {
              "line": 30,
              "column": 2
            },
            "end": {
              "line": 32,
              "column": null
            }
          },
          "type": "if",
          "locations": [
            {
              "start": {
                "line": 30,
                "column": 2
              },
              "end": {
                "line": 32,
                "column": null
              }
            },
            {
              "start": {
                "line": 30,
                "column": 2
              },
              "end": {
                "line": 32,
                "column": null
              }
            }
          ]
        }
      },
      "s": {
        "0": 1,
        "1": 1,
        "2": 0,
        "3": 0,
        "4": 0,
        "5": 0,
        "6": 0,
        "7": 0,
        "8": 0,
        "9": 0,
        "10": 0,
        "11": 0,
        "12": 0,
        "13": 0,
        "14": 0,
        "15": 0,
        "16": 0,
        "17": 0,
        "18": 0,
        "19": 0,
        "20": 0,
        "21": 0,
        "22": 0,
        "23": 0,
        "24": 0,
        "25": 0,
        "26": 0,
        "27": 0,
        "28": 0,
        "29": 1
      },
      "f": {
        "0": 0,
        "1": 0
      },
      "b": {
        "0": [
          0,
          0
        ]
      }
    },
    "/home/runner/work/github-action-working-directory/github-action-working-directory/src/utils/readInputs.ts": {
      "path": "/home/runner/work/github-action-working-directory/github-action-working-directory/src/utils/readInputs.ts",
      "statementMap": {
        "0": {
          "start": {
            "line": 1,
            "column": 0
          },
          "end": {
            "line": 1,
            "column": 38
          }
        },
        "1": {
          "start": {
            "line": 14,
            "column": 2
          },
          "end": {
            "line": 14,
            "column": 31
          }
        },
        "2": {
          "start": {
            "line": 16,
            "column": 17
          },
          "end": {
            "line": 16,
            "column": 60
          }
        },
        "3": {
          "start": {
            "line": 19,
            "column": 4
          },
          "end": {
            "line": 20,
            "column": 57
          }
        },
        "4": {
          "start": {
            "line": 22,
            "column": 14
          },
          "end": {
            "line": 22,
            "column": 48
          }
        },
        "5": {
          "start": {
            "line": 24,
            "column": 18
          },
          "end": {
            "line": 24,
            "column": 49
          }
        },
        "6": {
          "start": {
            "line": 26,
            "column": 15
          },
          "end": {
            "line": 26,
            "column": 43
          }
        },
        "7": {
          "start": {
            "line": 28,
            "column": 16
          },
          "end": {
            "line": 28,
            "column": 45
          }
        },
        "8": {
          "start": {
            "line": 30,
            "column": 20
          },
          "end": {
            "line": 30,
            "column": 53
          }
        },
        "9": {
          "start": {
            "line": 32,
            "column": 25
          },
          "end": {
            "line": 40,
            "column": 4
          }
        },
        "10": {
          "start": {
            "line": 42,
            "column": 2
          },
          "end": {
            "line": 42,
            "column": 16
          }
        },
        "11": {
          "start": {
            "line": 13,
            "column": 0
          },
          "end": {
            "line": 13,
            "column": 16
          }
        }
      },
      "fnMap": {
        "0": {
          "name": "readInputs",
          "decl": {
            "start": {
              "line": 13,
              "column": 16
            },
            "end": {
              "line": 13,
              "column": 26
            }
          },
          "loc": {
            "start": {
              "line": 13,
              "column": 26
            },
            "end": {
              "line": 43,
              "column": 1
            }
          }
        }
      },
      "branchMap": {
        "0": {
          "loc": {
            "start": {
              "line": 19,
              "column": 4
            },
            "end": {
              "line": 19,
              "column": 25
            }
          },
          "type": "binary-expr",
          "locations": [
            {
              "start": {
                "line": 19,
                "column": 4
              },
              "end": {
                "line": 19,
                "column": 25
              }
            },
            {
              "start": {
                "line": 20,
                "column": 4
              },
              "end": {
                "line": 20,
                "column": 57
              }
            }
          ]
        }
      },
      "s": {
        "0": 1,
        "1": 0,
        "2": 0,
        "3": 0,
        "4": 0,
        "5": 0,
        "6": 0,
        "7": 0,
        "8": 0,
        "9": 0,
        "10": 0,
        "11": 1
      },
      "f": {
        "0": 0
      },
      "b": {
        "0": [
          0,
          0
        ]
      }
    },
    "/home/runner/work/github-action-working-directory/github-action-working-directory/src/commit.ts": {
      "path": "/home/runner/work/github-action-working-directory/github-action-working-directory/src/commit.ts",
      "statementMap": {
        "0": {
          "start": {
            "line": 2,
            "column": 0
          },
          "end": {
            "line": 2,
            "column": 38
          }
        },
        "1": {
          "start": {
            "line": 3,
            "column": 0
          },
          "end": {
            "line": 3,
            "column": 48
          }
        },
        "2": {
          "start": {
            "line": 4,
            "column": 0
          },
          "end": {
            "line": 4,
            "column": 54
          }
        },
        "3": {
          "start": {
            "line": 7,
            "column": 2
          },
          "end": {
            "line": 14,
            "column": null
          }
        },
        "4": {
          "start": {
            "line": 8,
            "column": 50
          },
          "end": {
            "line": 8,
            "column": 62
          }
        },
        "5": {
          "start": {
            "line": 9,
            "column": 22
          },
          "end": {
            "line": 9,
            "column": 26
          }
        },
        "6": {
          "start": {
            "line": 11,
            "column": 4
          },
          "end": {
            "line": 11,
            "column": 64
          }
        },
        "7": {
          "start": {
            "line": 13,
            "column": 4
          },
          "end": {
            "line": 13,
            "column": 34
          }
        },
        "8": {
          "start": {
            "line": 17,
            "column": 0
          },
          "end": {
            "line": 17,
            "column": 6
          }
        }
      },
      "fnMap": {
        "0": {
          "name": "run",
          "decl": {
            "start": {
              "line": 6,
              "column": 15
            },
            "end": {
              "line": 6,
              "column": 18
            }
          },
          "loc": {
            "start": {
              "line": 6,
              "column": 18
            },
            "end": {
              "line": 15,
              "column": null
            }
          }
        }
      },
      "branchMap": {},
      "s": {
        "0": 0,
        "1": 0,
        "2": 0,
        "3": 0,
        "4": 0,
        "5": 0,
        "6": 0,
        "7": 0,
        "8": 0
      },
      "f": {
        "0": 0
      },
      "b": {}
    },
    "/home/runner/work/github-action-working-directory/github-action-working-directory/src/clone.ts": {
      "path": "/home/runner/work/github-action-working-directory/github-action-working-directory/src/clone.ts",
      "statementMap": {
        "0": {
          "start": {
            "line": 2,
            "column": 0
          },
          "end": {
            "line": 2,
            "column": 38
          }
        },
        "1": {
          "start": {
            "line": 3,
            "column": 0
          },
          "end": {
            "line": 3,
            "column": 48
          }
        },
        "2": {
          "start": {
            "line": 4,
            "column": 0
          },
          "end": {
            "line": 4,
            "column": 38
          }
        },
        "3": {
          "start": {
            "line": 7,
            "column": 2
          },
          "end": {
            "line": 16,
            "column": null
          }
        },
        "4": {
          "start": {
            "line": 8,
            "column": 43
          },
          "end": {
            "line": 8,
            "column": 55
          }
        },
        "5": {
          "start": {
            "line": 9,
            "column": 22
          },
          "end": {
            "line": 9,
            "column": 26
          }
        },
        "6": {
          "start": {
            "line": 11,
            "column": 16
          },
          "end": {
            "line": 11,
            "column": 54
          }
        },
        "7": {
          "start": {
            "line": 13,
            "column": 4
          },
          "end": {
            "line": 13,
            "column": 44
          }
        },
        "8": {
          "start": {
            "line": 15,
            "column": 4
          },
          "end": {
            "line": 15,
            "column": 34
          }
        },
        "9": {
          "start": {
            "line": 19,
            "column": 0
          },
          "end": {
            "line": 19,
            "column": 6
          }
        }
      },
      "fnMap": {
        "0": {
          "name": "run",
          "decl": {
            "start": {
              "line": 6,
              "column": 15
            },
            "end": {
              "line": 6,
              "column": 18
            }
          },
          "loc": {
            "start": {
              "line": 6,
              "column": 18
            },
            "end": {
              "line": 17,
              "column": null
            }
          }
        }
      },
      "branchMap": {},
      "s": {
        "0": 0,
        "1": 0,
        "2": 0,
        "3": 0,
        "4": 0,
        "5": 0,
        "6": 0,
        "7": 0,
        "8": 0,
        "9": 0
      },
      "f": {
        "0": 0
      },
      "b": {}
    },
    "/home/runner/work/github-action-working-directory/github-action-working-directory/src/utils/wait.ts": {
      "path": "/home/runner/work/github-action-working-directory/github-action-working-directory/src/utils/wait.ts",
      "statementMap": {
        "0": {
          "start": {
            "line": 2,
            "column": 2
          },
          "end": {
            "line": 8,
            "column": 5
          }
        },
        "1": {
          "start": {
            "line": 3,
            "column": 4
          },
          "end": {
            "line": 5,
            "column": null
          }
        },
        "2": {
          "start": {
            "line": 4,
            "column": 6
          },
          "end": {
            "line": 4,
            "column": 51
          }
        },
        "3": {
          "start": {
            "line": 7,
            "column": 4
          },
          "end": {
            "line": 7,
            "column": 53
          }
        },
        "4": {
          "start": {
            "line": 7,
            "column": 21
          },
          "end": {
            "line": 7,
            "column": 37
          }
        },
        "5": {
          "start": {
            "line": 1,
            "column": 0
          },
          "end": {
            "line": 1,
            "column": 22
          }
        }
      },
      "fnMap": {
        "0": {
          "name": "wait",
          "decl": {
            "start": {
              "line": 1,
              "column": 22
            },
            "end": {
              "line": 1,
              "column": 26
            }
          },
          "loc": {
            "start": {
              "line": 1,
              "column": 47
            },
            "end": {
              "line": 9,
              "column": null
            }
          }
        },
        "1": {
          "name": "(anonymous_9)",
          "decl": {
            "start": {
              "line": 2,
              "column": 21
            },
            "end": {
              "line": 2,
              "column": 28
            }
          },
          "loc": {
            "start": {
              "line": 2,
              "column": 31
            },
            "end": {
              "line": 8,
              "column": 3
            }
          }
        },
        "2": {
          "name": "(anonymous_10)",
          "decl": {
            "start": {
              "line": 7,
              "column": 15
            },
            "end": {
              "line": 7,
              "column": 18
            }
          },
          "loc": {
            "start": {
              "line": 7,
              "column": 21
            },
            "end": {
              "line": 7,
              "column": 37
            }
          }
        }
      },
      "branchMap": {
        "0": {
          "loc": {
            "start": {
              "line": 3,
              "column": 4
            },
            "end": {
              "line": 5,
              "column": null
            }
          },
          "type": "if",
          "locations": [
            {
              "start": {
                "line": 3,
                "column": 4
              },
              "end": {
                "line": 5,
                "column": null
              }
            },
            {
              "start": {
                "line": 3,
                "column": 4
              },
              "end": {
                "line": 5,
                "column": null
              }
            }
          ]
        }
      },
      "s": {
        "0": 0,
        "1": 0,
        "2": 0,
        "3": 0,
        "4": 0,
        "5": 0
      },
      "f": {
        "0": 0,
        "1": 0,
        "2": 0
      },
      "b": {
        "0": [
          0,
          0
        ]
      }
    }
  }
}