{
  "numFailedTestSuites": 4,
  "numFailedTests": 0,
  "numPassedTestSuites": 4,
  "numPassedTests": 4,
  "numPendingTestSuites": 0,
  "numPendingTests": 0,
  "numRuntimeErrorTestSuites": 4,
  "numTodoTests": 0,
  "numTotalTestSuites": 8,
  "numTotalTests": 4,
  "openHandles": [],
  "snapshot": {
    "added": 0,
    "didUpdate": false,
    "failure": false,
    "filesAdded": 0,
    "filesRemoved": 0,
    "filesRemovedList": [],
    "filesUnmatched": 0,
    "filesUpdated": 0,
    "matched": 0,
    "total": 0,
    "unchecked": 0,
    "uncheckedKeysByFile": [],
    "unmatched": 0,
    "updated": 0
  },
  "startTime": 1578281252623,
  "success": false,
  "testResults": [
    {
      "failureMessage": null,
      "numFailingTests": 0,
      "numPassingTests": 1,
      "numPendingTests": 0,
      "numTodoTests": 0,
      "perfStats": {
        "end": 1578281255418,
        "start": 1578281252671
      },
      "snapshot": {
        "added": 0,
        "fileDeleted": false,
        "matched": 0,
        "unchecked": 0,
        "unmatched": 0,
        "updated": 0,
        "uncheckedKeys": []
      },
      "testFilePath": "/home/runner/work/github-action-working-directory/github-action-working-directory/allure-results/tests/main.ts",
      "testResults": [
        {
          "ancestorTitles": [
            "GitHub Actions Format"
          ],
          "duration": 3,
          "failureMessages": [],
          "fullName": "GitHub Actions Format action.yml exists",
          "location": null,
          "numPassingAsserts": 0,
          "status": "passed",
          "title": "action.yml exists"
        }
      ],
      "skipped": false,
      "leaks": false
    },
    {
      "failureMessage": null,
      "numFailingTests": 0,
      "numPassingTests": 1,
      "numPendingTests": 0,
      "numTodoTests": 0,
      "perfStats": {
        "end": 1578281255699,
        "start": 1578281255443
      },
      "snapshot": {
        "added": 0,
        "fileDeleted": false,
        "matched": 0,
        "unchecked": 0,
        "unmatched": 0,
        "updated": 0,
        "uncheckedKeys": []
      },
      "testFilePath": "/home/runner/work/github-action-working-directory/github-action-working-directory/tests/main.ts",
      "testResults": [
        {
          "ancestorTitles": [
            "GitHub Actions Format"
          ],
          "duration": 0,
          "failureMessages": [],
          "fullName": "GitHub Actions Format action.yml exists",
          "location": null,
          "numPassingAsserts": 0,
          "status": "passed",
          "title": "action.yml exists"
        }
      ],
      "skipped": false,
      "leaks": false
    },
    {
      "displayName": "",
      "failureMessage": "  \u001b[1m● \u001b[22mTest suite failed to run\n\n    Cannot find module '../package' from 'nodegit.js'\n\n    However, Jest was able to find:\n    \t'../package.json'\n\n    You might want to include a file extension in your import, or update your 'moduleFileExtensions', which is currently ['ts', 'js'].\n\n    See https://jestjs.io/docs/en/configuration#modulefileextensions-array-string\n\n    However, Jest was able to find:\n    \t'../src/utils/commitAndPush.ts'\n\n    You might want to include a file extension in your import, or update your 'moduleFileExtensions', which is currently ['ts', 'js'].\n\n    See https://jestjs.io/docs/en/configuration#modulefileextensions-array-string\n\n      \u001b[2mat Resolver.resolveModule (\u001b[22mnode_modules/jest-resolve/build/index.js\u001b[2m:259:17)\u001b[22m\n      \u001b[2mat Object.<anonymous> (\u001b[22mnode_modules/nodegit/dist/nodegit.js\u001b[2m:1302:19)\u001b[22m\n",
      "leaks": false,
      "numFailingTests": 0,
      "numPassingTests": 0,
      "numPendingTests": 0,
      "numTodoTests": 0,
      "openHandles": [],
      "perfStats": {
        "end": 0,
        "start": 0
      },
      "skipped": false,
      "snapshot": {
        "added": 0,
        "fileDeleted": false,
        "matched": 0,
        "unchecked": 0,
        "uncheckedKeys": [],
        "unmatched": 0,
        "updated": 0
      },
      "testExecError": {
        "code": "MODULE_NOT_FOUND"
      },
      "testFilePath": "/home/runner/work/github-action-working-directory/github-action-working-directory/allure-results/tests/utils.commitAndPush.ts",
      "testResults": []
    },
    {
      "displayName": "",
      "failureMessage": "  \u001b[1m● \u001b[22mTest suite failed to run\n\n    Cannot find module '../package' from 'nodegit.js'\n\n    However, Jest was able to find:\n    \t'../package.json'\n\n    You might want to include a file extension in your import, or update your 'moduleFileExtensions', which is currently ['ts', 'js'].\n\n    See https://jestjs.io/docs/en/configuration#modulefileextensions-array-string\n\n    However, Jest was able to find:\n    \t'../src/utils/commitAndPush.ts'\n\n    You might want to include a file extension in your import, or update your 'moduleFileExtensions', which is currently ['ts', 'js'].\n\n    See https://jestjs.io/docs/en/configuration#modulefileextensions-array-string\n\n      \u001b[2mat Resolver.resolveModule (\u001b[22mnode_modules/jest-resolve/build/index.js\u001b[2m:259:17)\u001b[22m\n      \u001b[2mat Object.<anonymous> (\u001b[22mnode_modules/nodegit/dist/nodegit.js\u001b[2m:1302:19)\u001b[22m\n",
      "leaks": false,
      "numFailingTests": 0,
      "numPassingTests": 0,
      "numPendingTests": 0,
      "numTodoTests": 0,
      "openHandles": [],
      "perfStats": {
        "end": 0,
        "start": 0
      },
      "skipped": false,
      "snapshot": {
        "added": 0,
        "fileDeleted": false,
        "matched": 0,
        "unchecked": 0,
        "uncheckedKeys": [],
        "unmatched": 0,
        "updated": 0
      },
      "testExecError": {
        "code": "MODULE_NOT_FOUND"
      },
      "testFilePath": "/home/runner/work/github-action-working-directory/github-action-working-directory/tests/utils.commitAndPush.ts",
      "testResults": []
    },
    {
      "failureMessage": null,
      "numFailingTests": 0,
      "numPassingTests": 1,
      "numPendingTests": 0,
      "numTodoTests": 0,
      "perfStats": {
        "end": 1578281257159,
        "start": 1578281256940
      },
      "snapshot": {
        "added": 0,
        "fileDeleted": false,
        "matched": 0,
        "unchecked": 0,
        "unmatched": 0,
        "updated": 0,
        "uncheckedKeys": []
      },
      "testFilePath": "/home/runner/work/github-action-working-directory/github-action-working-directory/allure-results/tests/utils.inputs.ts",
      "testResults": [
        {
          "ancestorTitles": [
            "utils/inputs"
          ],
          "duration": 1,
          "failureMessages": [],
          "fullName": "utils/inputs readInputs is a function",
          "location": null,
          "numPassingAsserts": 0,
          "status": "passed",
          "title": "readInputs is a function"
        }
      ],
      "skipped": false,
      "leaks": false
    },
    {
      "failureMessage": null,
      "numFailingTests": 0,
      "numPassingTests": 1,
      "numPendingTests": 0,
      "numTodoTests": 0,
      "perfStats": {
        "end": 1578281257458,
        "start": 1578281257180
      },
      "snapshot": {
        "added": 0,
        "fileDeleted": false,
        "matched": 0,
        "unchecked": 0,
        "unmatched": 0,
        "updated": 0,
        "uncheckedKeys": []
      },
      "testFilePath": "/home/runner/work/github-action-working-directory/github-action-working-directory/tests/utils.inputs.ts",
      "testResults": [
        {
          "ancestorTitles": [
            "utils/inputs"
          ],
          "duration": 1,
          "failureMessages": [],
          "fullName": "utils/inputs readInputs is a function",
          "location": null,
          "numPassingAsserts": 0,
          "status": "passed",
          "title": "readInputs is a function"
        }
      ],
      "skipped": false,
      "leaks": false
    },
    {
      "displayName": "",
      "failureMessage": "  \u001b[1m● \u001b[22mTest suite failed to run\n\n    Cannot find module '../package' from 'nodegit.js'\n\n    However, Jest was able to find:\n    \t'../package.json'\n\n    You might want to include a file extension in your import, or update your 'moduleFileExtensions', which is currently ['ts', 'js'].\n\n    See https://jestjs.io/docs/en/configuration#modulefileextensions-array-string\n\n    However, Jest was able to find:\n    \t'../src/utils/clone.ts'\n\n    You might want to include a file extension in your import, or update your 'moduleFileExtensions', which is currently ['ts', 'js'].\n\n    See https://jestjs.io/docs/en/configuration#modulefileextensions-array-string\n\n      \u001b[2mat Resolver.resolveModule (\u001b[22mnode_modules/jest-resolve/build/index.js\u001b[2m:259:17)\u001b[22m\n      \u001b[2mat Object.<anonymous> (\u001b[22mnode_modules/nodegit/dist/nodegit.js\u001b[2m:1302:19)\u001b[22m\n",
      "leaks": false,
      "numFailingTests": 0,
      "numPassingTests": 0,
      "numPendingTests": 0,
      "numTodoTests": 0,
      "openHandles": [],
      "perfStats": {
        "end": 0,
        "start": 0
      },
      "skipped": false,
      "snapshot": {
        "added": 0,
        "fileDeleted": false,
        "matched": 0,
        "unchecked": 0,
        "uncheckedKeys": [],
        "unmatched": 0,
        "updated": 0
      },
      "testExecError": {
        "code": "MODULE_NOT_FOUND"
      },
      "testFilePath": "/home/runner/work/github-action-working-directory/github-action-working-directory/allure-results/tests/utils.clone.ts",
      "testResults": []
    },
    {
      "displayName": "",
      "failureMessage": "  \u001b[1m● \u001b[22mTest suite failed to run\n\n    Cannot find module '../package' from 'nodegit.js'\n\n    However, Jest was able to find:\n    \t'../package.json'\n\n    You might want to include a file extension in your import, or update your 'moduleFileExtensions', which is currently ['ts', 'js'].\n\n    See https://jestjs.io/docs/en/configuration#modulefileextensions-array-string\n\n    However, Jest was able to find:\n    \t'../src/utils/clone.ts'\n\n    You might want to include a file extension in your import, or update your 'moduleFileExtensions', which is currently ['ts', 'js'].\n\n    See https://jestjs.io/docs/en/configuration#modulefileextensions-array-string\n\n      \u001b[2mat Resolver.resolveModule (\u001b[22mnode_modules/jest-resolve/build/index.js\u001b[2m:259:17)\u001b[22m\n      \u001b[2mat Object.<anonymous> (\u001b[22mnode_modules/nodegit/dist/nodegit.js\u001b[2m:1302:19)\u001b[22m\n",
      "leaks": false,
      "numFailingTests": 0,
      "numPassingTests": 0,
      "numPendingTests": 0,
      "numTodoTests": 0,
      "openHandles": [],
      "perfStats": {
        "end": 0,
        "start": 0
      },
      "skipped": false,
      "snapshot": {
        "added": 0,
        "fileDeleted": false,
        "matched": 0,
        "unchecked": 0,
        "uncheckedKeys": [],
        "unmatched": 0,
        "updated": 0
      },
      "testExecError": {
        "code": "MODULE_NOT_FOUND"
      },
      "testFilePath": "/home/runner/work/github-action-working-directory/github-action-working-directory/tests/utils.clone.ts",
      "testResults": []
    }
  ],
  "wasInterrupted": false
}