{
  "numFailedTestSuites": 3,
  "numFailedTests": 4,
  "numPassedTestSuites": 2,
  "numPassedTests": 11,
  "numPendingTestSuites": 0,
  "numPendingTests": 0,
  "numRuntimeErrorTestSuites": 0,
  "numTodoTests": 0,
  "numTotalTestSuites": 5,
  "numTotalTests": 15,
  "openHandles": [],
  "snapshot": {
    "added": 0,
    "didUpdate": false,
    "failure": false,
    "filesAdded": 0,
    "filesRemoved": 0,
    "filesRemovedList": [],
    "filesUnmatched": 0,
    "filesUpdated": 0,
    "matched": 0,
    "total": 0,
    "unchecked": 0,
    "uncheckedKeysByFile": [],
    "unmatched": 0,
    "updated": 0
  },
  "startTime": 1579557356911,
  "success": false,
  "testResults": [
    {
      "failureMessage": "\u001b[1m\u001b[31m  \u001b[1m● \u001b[1mGitHub Actions Test › can run runs.main and runs.post end-to-end\u001b[39m\u001b[22m\n\n    Exit code: 1\n    stdout > ::debug::Reading inputs\n    stdout > cloning repo(https://github.com/undefined) into dir(). branch(test-dummy)\n    stdout > Throwing unrecognized error: cannot pick working directory for non-bare repository that isn't a '.git' directory\n    stdout > ::error::cannot pick working directory for non-bare repository that isn't a '.git' directory\n\u001b[2m\u001b[22m\n\u001b[2m    \u001b[0m \u001b[90m 91 | \u001b[39m      exec\u001b[33m.\u001b[39mon(\u001b[32m'exit'\u001b[39m\u001b[33m,\u001b[39m exitCode \u001b[33m=>\u001b[39m {\u001b[0m\u001b[22m\n\u001b[2m    \u001b[0m \u001b[90m 92 | \u001b[39m        \u001b[36mif\u001b[39m (exitCode \u001b[33m===\u001b[39m \u001b[35m0\u001b[39m) resolve(messages)\u001b[33m;\u001b[39m\u001b[0m\u001b[22m\n\u001b[2m    \u001b[0m\u001b[31m\u001b[1m>\u001b[2m\u001b[39m\u001b[90m 93 | \u001b[39m        \u001b[36melse\u001b[39m reject(\u001b[36mnew\u001b[39m \u001b[33mError\u001b[39m(\u001b[32m`Exit code: ${exitCode}\\n${messages}`\u001b[39m))\u001b[33m;\u001b[39m\u001b[0m\u001b[22m\n\u001b[2m    \u001b[0m \u001b[90m    | \u001b[39m                    \u001b[31m\u001b[1m^\u001b[2m\u001b[39m\u001b[0m\u001b[22m\n\u001b[2m    \u001b[0m \u001b[90m 94 | \u001b[39m      })\u001b[33m;\u001b[39m\u001b[0m\u001b[22m\n\u001b[2m    \u001b[0m \u001b[90m 95 | \u001b[39m    })\u001b[33m;\u001b[39m\u001b[0m\u001b[22m\n\u001b[2m    \u001b[0m \u001b[90m 96 | \u001b[39m\u001b[0m\u001b[22m\n\u001b[2m\u001b[22m\n\u001b[2m      \u001b[2mat ChildProcess.<anonymous> (\u001b[2m\u001b[0m\u001b[36mtests/end-to-end.github-action.ts\u001b[39m\u001b[0m\u001b[2m:93:21)\u001b[2m\u001b[22m\n",
      "numFailingTests": 1,
      "numPassingTests": 6,
      "numPendingTests": 0,
      "numTodoTests": 0,
      "perfStats": {
        "end": 1579557359783,
        "start": 1579557356959
      },
      "snapshot": {
        "added": 0,
        "fileDeleted": false,
        "matched": 0,
        "unchecked": 0,
        "unmatched": 0,
        "updated": 0,
        "uncheckedKeys": []
      },
      "testFilePath": "/home/runner/work/github-action-working-directory/github-action-working-directory/tests/end-to-end.github-action.ts",
      "testResults": [
        {
          "ancestorTitles": [
            "GitHub Actions Test"
          ],
          "duration": 2,
          "failureMessages": [],
          "fullName": "GitHub Actions Test action.yml exists",
          "location": null,
          "numPassingAsserts": 0,
          "status": "passed",
          "title": "action.yml exists"
        },
        {
          "ancestorTitles": [
            "GitHub Actions Test"
          ],
          "duration": 4,
          "failureMessages": [],
          "fullName": "GitHub Actions Test can read action.yml",
          "location": null,
          "numPassingAsserts": 0,
          "status": "passed",
          "title": "can read action.yml"
        },
        {
          "ancestorTitles": [
            "GitHub Actions Test"
          ],
          "duration": 3,
          "failureMessages": [],
          "fullName": "GitHub Actions Test action.yml has valid yaml",
          "location": null,
          "numPassingAsserts": 0,
          "status": "passed",
          "title": "action.yml has valid yaml"
        },
        {
          "ancestorTitles": [
            "GitHub Actions Test"
          ],
          "duration": 1,
          "failureMessages": [],
          "fullName": "GitHub Actions Test action.yml has correct runs.using",
          "location": null,
          "numPassingAsserts": 0,
          "status": "passed",
          "title": "action.yml has correct runs.using"
        },
        {
          "ancestorTitles": [
            "GitHub Actions Test"
          ],
          "duration": 1,
          "failureMessages": [],
          "fullName": "GitHub Actions Test action.yml has runs.main and runs.post",
          "location": null,
          "numPassingAsserts": 0,
          "status": "passed",
          "title": "action.yml has runs.main and runs.post"
        },
        {
          "ancestorTitles": [
            "GitHub Actions Test"
          ],
          "duration": 2,
          "failureMessages": [],
          "fullName": "GitHub Actions Test runs.main and runs.post files exist",
          "location": null,
          "numPassingAsserts": 0,
          "status": "passed",
          "title": "runs.main and runs.post files exist"
        },
        {
          "ancestorTitles": [
            "GitHub Actions Test"
          ],
          "duration": 110,
          "failureMessages": [
            "Error: Exit code: 1\nstdout > ::debug::Reading inputs\nstdout > cloning repo(https://github.com/undefined) into dir(). branch(test-dummy)\nstdout > Throwing unrecognized error: cannot pick working directory for non-bare repository that isn't a '.git' directory\nstdout > ::error::cannot pick working directory for non-bare repository that isn't a '.git' directory\n\n    at ChildProcess.<anonymous> (/home/runner/work/github-action-working-directory/github-action-working-directory/tests/end-to-end.github-action.ts:93:21)\n    at ChildProcess.emit (events.js:210:5)\n    at Process.ChildProcess._handle.onexit (internal/child_process.js:272:12)"
          ],
          "fullName": "GitHub Actions Test can run runs.main and runs.post end-to-end",
          "location": null,
          "numPassingAsserts": 0,
          "status": "failed",
          "title": "can run runs.main and runs.post end-to-end"
        }
      ],
      "skipped": false,
      "leaks": false
    },
    {
      "failureMessage": "\u001b[1m\u001b[31m  \u001b[1m● \u001b[1mutils/clone › works with non-existent branch\u001b[39m\u001b[22m\n\n    \u001b[2mexpect(\u001b[22m\u001b[31mreceived\u001b[39m\u001b[2m).\u001b[22mtoBe\u001b[2m(\u001b[22m\u001b[32mexpected\u001b[39m\u001b[2m) // Object.is equality\u001b[22m\n\n    Expected: \u001b[32m\"\u001b[7mflushed ou\u001b[27mt\"\u001b[39m\n    Received: \u001b[31m\"\u001b[7mthis tes\u001b[27mt\"\u001b[39m\n\u001b[2m\u001b[22m\n\u001b[2m    \u001b[0m \u001b[90m 32 | \u001b[39m    expect(result)\u001b[33m.\u001b[39mtoBe(\u001b[36mnull\u001b[39m)\u001b[33m;\u001b[39m\u001b[0m\u001b[22m\n\u001b[2m    \u001b[0m \u001b[90m 33 | \u001b[39m\u001b[0m\u001b[22m\n\u001b[2m    \u001b[0m\u001b[31m\u001b[1m>\u001b[2m\u001b[39m\u001b[90m 34 | \u001b[39m    expect(\u001b[32m'this test'\u001b[39m)\u001b[33m.\u001b[39mtoBe(\u001b[32m'flushed out'\u001b[39m)\u001b[33m;\u001b[39m\u001b[0m\u001b[22m\n\u001b[2m    \u001b[0m \u001b[90m    | \u001b[39m                        \u001b[31m\u001b[1m^\u001b[2m\u001b[39m\u001b[0m\u001b[22m\n\u001b[2m    \u001b[0m \u001b[90m 35 | \u001b[39m  })\u001b[33m;\u001b[39m\u001b[0m\u001b[22m\n\u001b[2m    \u001b[0m \u001b[90m 36 | \u001b[39m\u001b[0m\u001b[22m\n\u001b[2m    \u001b[0m \u001b[90m 37 | \u001b[39m  test(\u001b[32m'works with existing branch'\u001b[39m\u001b[33m,\u001b[39m async () \u001b[33m=>\u001b[39m {\u001b[0m\u001b[22m\n\u001b[2m\u001b[22m\n\u001b[2m      \u001b[2mat \u001b[2m\u001b[0m\u001b[36mtests/end-to-end.node.ts\u001b[39m\u001b[0m\u001b[2m:34:25\u001b[2m\u001b[22m\n\u001b[2m      \u001b[2mat fulfilled (\u001b[2m\u001b[0m\u001b[36mtests/end-to-end.node.ts\u001b[39m\u001b[0m\u001b[2m:5:58)\u001b[2m\u001b[22m\n\n\u001b[1m\u001b[31m  \u001b[1m● \u001b[1mutils/clone › works with existing branch\u001b[39m\u001b[22m\n\n    \u001b[2mexpect(\u001b[22m\u001b[31mreceived\u001b[39m\u001b[2m).\u001b[22mnot\u001b[2m.\u001b[22mtoBe\u001b[2m(\u001b[22m\u001b[32mexpected\u001b[39m\u001b[2m) // Object.is equality\u001b[22m\n\n    Expected: not \u001b[32mnull\u001b[39m\n\u001b[2m\u001b[22m\n\u001b[2m    \u001b[0m \u001b[90m 40 | \u001b[39m    \u001b[36mconst\u001b[39m result \u001b[33m=\u001b[39m await clone({ repoUrl\u001b[33m,\u001b[39m branch\u001b[33m:\u001b[39m \u001b[32m'master'\u001b[39m\u001b[33m,\u001b[39m dir })\u001b[33m;\u001b[39m\u001b[0m\u001b[22m\n\u001b[2m    \u001b[0m \u001b[90m 41 | \u001b[39m\u001b[0m\u001b[22m\n\u001b[2m    \u001b[0m\u001b[31m\u001b[1m>\u001b[2m\u001b[39m\u001b[90m 42 | \u001b[39m    expect(result)\u001b[33m.\u001b[39mnot\u001b[33m.\u001b[39mtoBe(\u001b[36mnull\u001b[39m)\u001b[33m;\u001b[39m\u001b[0m\u001b[22m\n\u001b[2m    \u001b[0m \u001b[90m    | \u001b[39m                       \u001b[31m\u001b[1m^\u001b[2m\u001b[39m\u001b[0m\u001b[22m\n\u001b[2m    \u001b[0m \u001b[90m 43 | \u001b[39m    \u001b[36mif\u001b[39m (result \u001b[33m===\u001b[39m \u001b[36mnull\u001b[39m) \u001b[36mthrow\u001b[39m \u001b[36mnew\u001b[39m \u001b[33mError\u001b[39m(\u001b[32m'unreachable'\u001b[39m)\u001b[33m;\u001b[39m\u001b[0m\u001b[22m\n\u001b[2m    \u001b[0m \u001b[90m 44 | \u001b[39m\u001b[0m\u001b[22m\n\u001b[2m    \u001b[0m \u001b[90m 45 | \u001b[39m    \u001b[36mconst\u001b[39m head \u001b[33m=\u001b[39m await result\u001b[33m.\u001b[39mhead()\u001b[33m;\u001b[39m\u001b[0m\u001b[22m\n\u001b[2m\u001b[22m\n\u001b[2m      \u001b[2mat \u001b[2m\u001b[0m\u001b[36mtests/end-to-end.node.ts\u001b[39m\u001b[0m\u001b[2m:42:24\u001b[2m\u001b[22m\n\u001b[2m      \u001b[2mat fulfilled (\u001b[2m\u001b[0m\u001b[36mtests/end-to-end.node.ts\u001b[39m\u001b[0m\u001b[2m:5:58)\u001b[2m\u001b[22m\n",
      "numFailingTests": 2,
      "numPassingTests": 1,
      "numPendingTests": 0,
      "numTodoTests": 0,
      "perfStats": {
        "end": 1579557360698,
        "start": 1579557359808
      },
      "snapshot": {
        "added": 0,
        "fileDeleted": false,
        "matched": 0,
        "unchecked": 0,
        "unmatched": 0,
        "updated": 0,
        "uncheckedKeys": []
      },
      "testFilePath": "/home/runner/work/github-action-working-directory/github-action-working-directory/tests/end-to-end.node.ts",
      "testResults": [
        {
          "ancestorTitles": [
            "utils/clone"
          ],
          "duration": 1,
          "failureMessages": [],
          "fullName": "utils/clone clone is a function",
          "location": null,
          "numPassingAsserts": 0,
          "status": "passed",
          "title": "clone is a function"
        },
        {
          "ancestorTitles": [
            "utils/clone"
          ],
          "duration": 11,
          "failureMessages": [
            "Error: \u001b[2mexpect(\u001b[22m\u001b[31mreceived\u001b[39m\u001b[2m).\u001b[22mtoBe\u001b[2m(\u001b[22m\u001b[32mexpected\u001b[39m\u001b[2m) // Object.is equality\u001b[22m\n\nExpected: \u001b[32m\"\u001b[7mflushed ou\u001b[27mt\"\u001b[39m\nReceived: \u001b[31m\"\u001b[7mthis tes\u001b[27mt\"\u001b[39m\n    at /home/runner/work/github-action-working-directory/github-action-working-directory/tests/end-to-end.node.ts:34:25\n    at Generator.next (<anonymous>)\n    at fulfilled (/home/runner/work/github-action-working-directory/github-action-working-directory/tests/end-to-end.node.ts:5:58)\n    at processTicksAndRejections (internal/process/task_queues.js:93:5)"
          ],
          "fullName": "utils/clone works with non-existent branch",
          "location": null,
          "numPassingAsserts": 0,
          "status": "failed",
          "title": "works with non-existent branch"
        },
        {
          "ancestorTitles": [
            "utils/clone"
          ],
          "duration": 5,
          "failureMessages": [
            "Error: \u001b[2mexpect(\u001b[22m\u001b[31mreceived\u001b[39m\u001b[2m).\u001b[22mnot\u001b[2m.\u001b[22mtoBe\u001b[2m(\u001b[22m\u001b[32mexpected\u001b[39m\u001b[2m) // Object.is equality\u001b[22m\n\nExpected: not \u001b[32mnull\u001b[39m\n    at /home/runner/work/github-action-working-directory/github-action-working-directory/tests/end-to-end.node.ts:42:24\n    at Generator.next (<anonymous>)\n    at fulfilled (/home/runner/work/github-action-working-directory/github-action-working-directory/tests/end-to-end.node.ts:5:58)\n    at processTicksAndRejections (internal/process/task_queues.js:93:5)"
          ],
          "fullName": "utils/clone works with existing branch",
          "location": null,
          "numPassingAsserts": 0,
          "status": "failed",
          "title": "works with existing branch"
        }
      ],
      "skipped": false,
      "leaks": false
    },
    {
      "failureMessage": "\u001b[1m\u001b[31m  \u001b[1m● \u001b[1mutils/clone › clone can be called for existing branch\u001b[39m\u001b[22m\n\n    \u001b[2mexpect(\u001b[22m\u001b[31mreceived\u001b[39m\u001b[2m).\u001b[22mnot\u001b[2m.\u001b[22mtoBe\u001b[2m(\u001b[22m\u001b[32mexpected\u001b[39m\u001b[2m) // Object.is equality\u001b[22m\n\n    Expected: not \u001b[32mnull\u001b[39m\n\u001b[2m\u001b[22m\n\u001b[2m    \u001b[0m \u001b[90m 38 | \u001b[39m    \u001b[36mconst\u001b[39m result \u001b[33m=\u001b[39m await clone({ repoUrl\u001b[33m,\u001b[39m branch\u001b[33m:\u001b[39m \u001b[32m'master'\u001b[39m\u001b[33m,\u001b[39m dir })\u001b[33m;\u001b[39m\u001b[0m\u001b[22m\n\u001b[2m    \u001b[0m \u001b[90m 39 | \u001b[39m\u001b[0m\u001b[22m\n\u001b[2m    \u001b[0m\u001b[31m\u001b[1m>\u001b[2m\u001b[39m\u001b[90m 40 | \u001b[39m    expect(result)\u001b[33m.\u001b[39mnot\u001b[33m.\u001b[39mtoBe(\u001b[36mnull\u001b[39m)\u001b[33m;\u001b[39m\u001b[0m\u001b[22m\n\u001b[2m    \u001b[0m \u001b[90m    | \u001b[39m                       \u001b[31m\u001b[1m^\u001b[2m\u001b[39m\u001b[0m\u001b[22m\n\u001b[2m    \u001b[0m \u001b[90m 41 | \u001b[39m    \u001b[36mif\u001b[39m (result \u001b[33m===\u001b[39m \u001b[36mnull\u001b[39m) \u001b[36mthrow\u001b[39m \u001b[36mnew\u001b[39m \u001b[33mError\u001b[39m(\u001b[32m'unreachable'\u001b[39m)\u001b[33m;\u001b[39m\u001b[0m\u001b[22m\n\u001b[2m    \u001b[0m \u001b[90m 42 | \u001b[39m\u001b[0m\u001b[22m\n\u001b[2m    \u001b[0m \u001b[90m 43 | \u001b[39m    \u001b[36mconst\u001b[39m head \u001b[33m=\u001b[39m await result\u001b[33m.\u001b[39mhead()\u001b[33m;\u001b[39m\u001b[0m\u001b[22m\n\u001b[2m\u001b[22m\n\u001b[2m      \u001b[2mat \u001b[2m\u001b[0m\u001b[36mtests/utils.clone.ts\u001b[39m\u001b[0m\u001b[2m:40:24\u001b[2m\u001b[22m\n\u001b[2m      \u001b[2mat fulfilled (\u001b[2m\u001b[0m\u001b[36mtests/utils.clone.ts\u001b[39m\u001b[0m\u001b[2m:5:58)\u001b[2m\u001b[22m\n",
      "numFailingTests": 1,
      "numPassingTests": 2,
      "numPendingTests": 0,
      "numTodoTests": 0,
      "perfStats": {
        "end": 1579557364320,
        "start": 1579557360741
      },
      "snapshot": {
        "added": 0,
        "fileDeleted": false,
        "matched": 0,
        "unchecked": 0,
        "unmatched": 0,
        "updated": 0,
        "uncheckedKeys": []
      },
      "testFilePath": "/home/runner/work/github-action-working-directory/github-action-working-directory/tests/utils.clone.ts",
      "testResults": [
        {
          "ancestorTitles": [
            "utils/clone"
          ],
          "duration": 0,
          "failureMessages": [],
          "fullName": "utils/clone clone is a function",
          "location": null,
          "numPassingAsserts": 0,
          "status": "passed",
          "title": "clone is a function"
        },
        {
          "ancestorTitles": [
            "utils/clone"
          ],
          "duration": 4,
          "failureMessages": [],
          "fullName": "utils/clone clone can be called for non-existent branch",
          "location": null,
          "numPassingAsserts": 0,
          "status": "passed",
          "title": "clone can be called for non-existent branch"
        },
        {
          "ancestorTitles": [
            "utils/clone"
          ],
          "duration": 3,
          "failureMessages": [
            "Error: \u001b[2mexpect(\u001b[22m\u001b[31mreceived\u001b[39m\u001b[2m).\u001b[22mnot\u001b[2m.\u001b[22mtoBe\u001b[2m(\u001b[22m\u001b[32mexpected\u001b[39m\u001b[2m) // Object.is equality\u001b[22m\n\nExpected: not \u001b[32mnull\u001b[39m\n    at /home/runner/work/github-action-working-directory/github-action-working-directory/tests/utils.clone.ts:40:24\n    at Generator.next (<anonymous>)\n    at fulfilled (/home/runner/work/github-action-working-directory/github-action-working-directory/tests/utils.clone.ts:5:58)\n    at processTicksAndRejections (internal/process/task_queues.js:93:5)"
          ],
          "fullName": "utils/clone clone can be called for existing branch",
          "location": null,
          "numPassingAsserts": 0,
          "status": "failed",
          "title": "clone can be called for existing branch"
        }
      ],
      "skipped": false,
      "leaks": false
    },
    {
      "failureMessage": null,
      "numFailingTests": 0,
      "numPassingTests": 1,
      "numPendingTests": 0,
      "numTodoTests": 0,
      "perfStats": {
        "end": 1579557364758,
        "start": 1579557364342
      },
      "snapshot": {
        "added": 0,
        "fileDeleted": false,
        "matched": 0,
        "unchecked": 0,
        "unmatched": 0,
        "updated": 0,
        "uncheckedKeys": []
      },
      "testFilePath": "/home/runner/work/github-action-working-directory/github-action-working-directory/tests/utils.commitAndPush.ts",
      "testResults": [
        {
          "ancestorTitles": [
            "utils/commitAndPush"
          ],
          "duration": 1,
          "failureMessages": [],
          "fullName": "utils/commitAndPush commitAndPush is a function",
          "location": null,
          "numPassingAsserts": 0,
          "status": "passed",
          "title": "commitAndPush is a function"
        }
      ],
      "skipped": false,
      "leaks": false
    },
    {
      "failureMessage": null,
      "numFailingTests": 0,
      "numPassingTests": 1,
      "numPendingTests": 0,
      "numTodoTests": 0,
      "perfStats": {
        "end": 1579557365024,
        "start": 1579557364793
      },
      "snapshot": {
        "added": 0,
        "fileDeleted": false,
        "matched": 0,
        "unchecked": 0,
        "unmatched": 0,
        "updated": 0,
        "uncheckedKeys": []
      },
      "testFilePath": "/home/runner/work/github-action-working-directory/github-action-working-directory/tests/utils.inputs.ts",
      "testResults": [
        {
          "ancestorTitles": [
            "utils/readInputs"
          ],
          "duration": 1,
          "failureMessages": [],
          "fullName": "utils/readInputs readInputs is a function",
          "location": null,
          "numPassingAsserts": 0,
          "status": "passed",
          "title": "readInputs is a function"
        }
      ],
      "skipped": false,
      "leaks": false
    }
  ],
  "wasInterrupted": false,
  "coverageMap": {
    "/home/runner/work/github-action-working-directory/github-action-working-directory/src/utils/clone.ts": {
      "path": "/home/runner/work/github-action-working-directory/github-action-working-directory/src/utils/clone.ts",
      "statementMap": {
        "0": {
          "start": {
            "line": 1,
            "column": 0
          },
          "end": {
            "line": 1,
            "column": 58
          }
        },
        "1": {
          "start": {
            "line": 2,
            "column": 0
          },
          "end": {
            "line": 2,
            "column": 38
          }
        },
        "2": {
          "start": {
            "line": 17,
            "column": 14
          },
          "end": {
            "line": 17,
            "column": 33
          }
        },
        "3": {
          "start": {
            "line": 19,
            "column": 2
          },
          "end": {
            "line": 19,
            "column": 70
          }
        },
        "4": {
          "start": {
            "line": 23,
            "column": 18
          },
          "end": {
            "line": 23,
            "column": 36
          }
        },
        "5": {
          "start": {
            "line": 25,
            "column": 2
          },
          "end": {
            "line": 25,
            "column": 34
          }
        },
        "6": {
          "start": {
            "line": 27,
            "column": 18
          },
          "end": {
            "line": 27,
            "column": 52
          }
        },
        "7": {
          "start": {
            "line": 29,
            "column": 24
          },
          "end": {
            "line": 38,
            "column": 4
          }
        },
        "8": {
          "start": {
            "line": 30,
            "column": 4
          },
          "end": {
            "line": 33,
            "column": null
          }
        },
        "9": {
          "start": {
            "line": 31,
            "column": 6
          },
          "end": {
            "line": 31,
            "column": 56
          }
        },
        "10": {
          "start": {
            "line": 32,
            "column": 6
          },
          "end": {
            "line": 32,
            "column": 14
          }
        },
        "11": {
          "start": {
            "line": 35,
            "column": 4
          },
          "end": {
            "line": 35,
            "column": 28
          }
        },
        "12": {
          "start": {
            "line": 37,
            "column": 4
          },
          "end": {
            "line": 37,
            "column": 16
          }
        },
        "13": {
          "start": {
            "line": 40,
            "column": 21
          },
          "end": {
            "line": 40,
            "column": 40
          }
        },
        "14": {
          "start": {
            "line": 42,
            "column": 2
          },
          "end": {
            "line": 42,
            "column": 28
          }
        },
        "15": {
          "start": {
            "line": 44,
            "column": 2
          },
          "end": {
            "line": 44,
            "column": 20
          }
        },
        "16": {
          "start": {
            "line": 11,
            "column": 0
          },
          "end": {
            "line": 11,
            "column": 22
          }
        }
      },
      "fnMap": {
        "0": {
          "name": "clone",
          "decl": {
            "start": {
              "line": 11,
              "column": 22
            },
            "end": {
              "line": 11,
              "column": 27
            }
          },
          "loc": {
            "start": {
              "line": 16,
              "column": 10
            },
            "end": {
              "line": 45,
              "column": null
            }
          }
        },
        "1": {
          "name": "(anonymous_10)",
          "decl": {
            "start": {
              "line": 29,
              "column": 38
            },
            "end": {
              "line": 29,
              "column": 39
            }
          },
          "loc": {
            "start": {
              "line": 29,
              "column": 42
            },
            "end": {
              "line": 38,
              "column": 3
            }
          }
        }
      },
      "branchMap": {
        "0": {
          "loc": {
            "start": {
              "line": 17,
              "column": 14
            },
            "end": {
              "line": 17,
              "column": 19
            }
          },
          "type": "cond-expr",
          "locations": [
            {
              "start": {
                "line": 17,
                "column": 14
              },
              "end": {
                "line": 17,
                "column": 19
              }
            },
            {
              "start": {
                "line": 17,
                "column": 23
              },
              "end": {
                "line": 17,
                "column": 33
              }
            }
          ]
        },
        "1": {
          "loc": {
            "start": {
              "line": 17,
              "column": 14
            },
            "end": {
              "line": 17,
              "column": 23
            }
          },
          "type": "binary-expr",
          "locations": [
            {
              "start": {
                "line": 17,
                "column": 14
              },
              "end": {
                "line": 17,
                "column": 23
              }
            },
            {
              "start": {
                "line": 17,
                "column": 14
              },
              "end": {
                "line": 17,
                "column": 23
              }
            }
          ]
        },
        "2": {
          "loc": {
            "start": {
              "line": 30,
              "column": 4
            },
            "end": {
              "line": 33,
              "column": null
            }
          },
          "type": "if",
          "locations": [
            {
              "start": {
                "line": 30,
                "column": 4
              },
              "end": {
                "line": 33,
                "column": null
              }
            },
            {
              "start": {
                "line": 30,
                "column": 4
              },
              "end": {
                "line": 33,
                "column": null
              }
            }
          ]
        },
        "3": {
          "loc": {
            "start": {
              "line": 30,
              "column": 9
            },
            "end": {
              "line": 30,
              "column": 11
            }
          },
          "type": "cond-expr",
          "locations": [
            {
              "start": {
                "line": 30,
                "column": 9
              },
              "end": {
                "line": 30,
                "column": 11
              }
            },
            {
              "start": {
                "line": 30,
                "column": 9
              },
              "end": {
                "line": 30,
                "column": 18
              }
            }
          ]
        },
        "4": {
          "loc": {
            "start": {
              "line": 30,
              "column": 8
            },
            "end": {
              "line": 30,
              "column": 11
            }
          },
          "type": "binary-expr",
          "locations": [
            {
              "start": {
                "line": 30,
                "column": 8
              },
              "end": {
                "line": 30,
                "column": 11
              }
            },
            {
              "start": {
                "line": 30,
                "column": 9
              },
              "end": {
                "line": 30,
                "column": 11
              }
            }
          ]
        },
        "5": {
          "loc": {
            "start": {
              "line": 31,
              "column": 43
            },
            "end": {
              "line": 31,
              "column": 45
            }
          },
          "type": "cond-expr",
          "locations": [
            {
              "start": {
                "line": 31,
                "column": 43
              },
              "end": {
                "line": 31,
                "column": 45
              }
            },
            {
              "start": {
                "line": 31,
                "column": 43
              },
              "end": {
                "line": 31,
                "column": 52
              }
            }
          ]
        },
        "6": {
          "loc": {
            "start": {
              "line": 31,
              "column": 42
            },
            "end": {
              "line": 31,
              "column": 45
            }
          },
          "type": "binary-expr",
          "locations": [
            {
              "start": {
                "line": 31,
                "column": 42
              },
              "end": {
                "line": 31,
                "column": 45
              }
            },
            {
              "start": {
                "line": 31,
                "column": 43
              },
              "end": {
                "line": 31,
                "column": 45
              }
            }
          ]
        }
      },
      "s": {
        "0": 2,
        "1": 2,
        "2": 4,
        "3": 4,
        "4": 4,
        "5": 4,
        "6": 4,
        "7": 4,
        "8": 4,
        "9": 0,
        "10": 0,
        "11": 4,
        "12": 4,
        "13": 4,
        "14": 4,
        "15": 4,
        "16": 2
      },
      "f": {
        "0": 4,
        "1": 4
      },
      "b": {
        "0": [
          0,
          4
        ],
        "1": [
          4,
          4
        ],
        "2": [
          0,
          4
        ],
        "3": [
          0,
          4
        ],
        "4": [
          4,
          4
        ],
        "5": [
          0,
          0
        ],
        "6": [
          0,
          0
        ]
      }
    },
    "/home/runner/work/github-action-working-directory/github-action-working-directory/src/utils/commitAndPush.ts": {
      "path": "/home/runner/work/github-action-working-directory/github-action-working-directory/src/utils/commitAndPush.ts",
      "statementMap": {
        "0": {
          "start": {
            "line": 1,
            "column": 0
          },
          "end": {
            "line": 1,
            "column": 30
          }
        },
        "1": {
          "start": {
            "line": 2,
            "column": 0
          },
          "end": {
            "line": 2,
            "column": 38
          }
        },
        "2": {
          "start": {
            "line": 30,
            "column": 2
          },
          "end": {
            "line": 32,
            "column": null
          }
        },
        "3": {
          "start": {
            "line": 31,
            "column": 4
          },
          "end": {
            "line": 31,
            "column": 23
          }
        },
        "4": {
          "start": {
            "line": 34,
            "column": 2
          },
          "end": {
            "line": 34,
            "column": 21
          }
        },
        "5": {
          "start": {
            "line": 35,
            "column": 21
          },
          "end": {
            "line": 35,
            "column": 65
          }
        },
        "6": {
          "start": {
            "line": 38,
            "column": 17
          },
          "end": {
            "line": 38,
            "column": 51
          }
        },
        "7": {
          "start": {
            "line": 40,
            "column": 2
          },
          "end": {
            "line": 40,
            "column": 40
          }
        },
        "8": {
          "start": {
            "line": 42,
            "column": 20
          },
          "end": {
            "line": 42,
            "column": 26
          }
        },
        "9": {
          "start": {
            "line": 44,
            "column": 2
          },
          "end": {
            "line": 44,
            "column": 46
          }
        },
        "10": {
          "start": {
            "line": 46,
            "column": 2
          },
          "end": {
            "line": 46,
            "column": 25
          }
        },
        "11": {
          "start": {
            "line": 47,
            "column": 16
          },
          "end": {
            "line": 47,
            "column": 47
          }
        },
        "12": {
          "start": {
            "line": 49,
            "column": 2
          },
          "end": {
            "line": 49,
            "column": 25
          }
        },
        "13": {
          "start": {
            "line": 51,
            "column": 21
          },
          "end": {
            "line": 51,
            "column": 26
          }
        },
        "14": {
          "start": {
            "line": 53,
            "column": 22
          },
          "end": {
            "line": 59,
            "column": null
          }
        },
        "15": {
          "start": {
            "line": 57,
            "column": 6
          },
          "end": {
            "line": 57,
            "column": 57
          }
        },
        "16": {
          "start": {
            "line": 58,
            "column": 6
          },
          "end": {
            "line": 58,
            "column": 15
          }
        },
        "17": {
          "start": {
            "line": 64,
            "column": 2
          },
          "end": {
            "line": 64,
            "column": 44
          }
        },
        "18": {
          "start": {
            "line": 66,
            "column": 2
          },
          "end": {
            "line": 66,
            "column": 23
          }
        },
        "19": {
          "start": {
            "line": 67,
            "column": 2
          },
          "end": {
            "line": 67,
            "column": 16
          }
        },
        "20": {
          "start": {
            "line": 69,
            "column": 2
          },
          "end": {
            "line": 69,
            "column": 28
          }
        },
        "21": {
          "start": {
            "line": 70,
            "column": 15
          },
          "end": {
            "line": 70,
            "column": 38
          }
        },
        "22": {
          "start": {
            "line": 72,
            "column": 24
          },
          "end": {
            "line": 72,
            "column": 58
          }
        },
        "23": {
          "start": {
            "line": 74,
            "column": 18
          },
          "end": {
            "line": 74,
            "column": 42
          }
        },
        "24": {
          "start": {
            "line": 76,
            "column": 17
          },
          "end": {
            "line": 82,
            "column": null
          }
        },
        "25": {
          "start": {
            "line": 85,
            "column": 2
          },
          "end": {
            "line": 85,
            "column": 62
          }
        },
        "26": {
          "start": {
            "line": 87,
            "column": 17
          },
          "end": {
            "line": 87,
            "column": 53
          }
        },
        "27": {
          "start": {
            "line": 89,
            "column": 2
          },
          "end": {
            "line": 89,
            "column": 30
          }
        },
        "28": {
          "start": {
            "line": 91,
            "column": 2
          },
          "end": {
            "line": 91,
            "column": 16
          }
        },
        "29": {
          "start": {
            "line": 22,
            "column": 0
          },
          "end": {
            "line": 22,
            "column": 22
          }
        }
      },
      "fnMap": {
        "0": {
          "name": "commitAndPush",
          "decl": {
            "start": {
              "line": 22,
              "column": 22
            },
            "end": {
              "line": 22,
              "column": 35
            }
          },
          "loc": {
            "start": {
              "line": 29,
              "column": 10
            },
            "end": {
              "line": 92,
              "column": null
            }
          }
        },
        "1": {
          "name": "(anonymous_11)",
          "decl": {
            "start": {
              "line": 56,
              "column": 4
            },
            "end": {
              "line": 56,
              "column": 5
            }
          },
          "loc": {
            "start": {
              "line": 56,
              "column": 43
            },
            "end": {
              "line": 59,
              "column": 5
            }
          }
        }
      },
      "branchMap": {
        "0": {
          "loc": {
            "start": {
              "line": 30,
              "column": 2
            },
            "end": {
              "line": 32,
              "column": null
            }
          },
          "type": "if",
          "locations": [
            {
              "start": {
                "line": 30,
                "column": 2
              },
              "end": {
                "line": 32,
                "column": null
              }
            },
            {
              "start": {
                "line": 30,
                "column": 2
              },
              "end": {
                "line": 32,
                "column": null
              }
            }
          ]
        }
      },
      "s": {
        "0": 1,
        "1": 1,
        "2": 0,
        "3": 0,
        "4": 0,
        "5": 0,
        "6": 0,
        "7": 0,
        "8": 0,
        "9": 0,
        "10": 0,
        "11": 0,
        "12": 0,
        "13": 0,
        "14": 0,
        "15": 0,
        "16": 0,
        "17": 0,
        "18": 0,
        "19": 0,
        "20": 0,
        "21": 0,
        "22": 0,
        "23": 0,
        "24": 0,
        "25": 0,
        "26": 0,
        "27": 0,
        "28": 0,
        "29": 1
      },
      "f": {
        "0": 0,
        "1": 0
      },
      "b": {
        "0": [
          0,
          0
        ]
      }
    },
    "/home/runner/work/github-action-working-directory/github-action-working-directory/src/utils/readInputs.ts": {
      "path": "/home/runner/work/github-action-working-directory/github-action-working-directory/src/utils/readInputs.ts",
      "statementMap": {
        "0": {
          "start": {
            "line": 1,
            "column": 0
          },
          "end": {
            "line": 1,
            "column": 38
          }
        },
        "1": {
          "start": {
            "line": 14,
            "column": 2
          },
          "end": {
            "line": 14,
            "column": 31
          }
        },
        "2": {
          "start": {
            "line": 16,
            "column": 17
          },
          "end": {
            "line": 16,
            "column": 60
          }
        },
        "3": {
          "start": {
            "line": 19,
            "column": 4
          },
          "end": {
            "line": 20,
            "column": 57
          }
        },
        "4": {
          "start": {
            "line": 22,
            "column": 14
          },
          "end": {
            "line": 22,
            "column": 48
          }
        },
        "5": {
          "start": {
            "line": 24,
            "column": 18
          },
          "end": {
            "line": 24,
            "column": 49
          }
        },
        "6": {
          "start": {
            "line": 26,
            "column": 15
          },
          "end": {
            "line": 26,
            "column": 43
          }
        },
        "7": {
          "start": {
            "line": 28,
            "column": 16
          },
          "end": {
            "line": 28,
            "column": 45
          }
        },
        "8": {
          "start": {
            "line": 30,
            "column": 20
          },
          "end": {
            "line": 30,
            "column": 53
          }
        },
        "9": {
          "start": {
            "line": 32,
            "column": 25
          },
          "end": {
            "line": 40,
            "column": 4
          }
        },
        "10": {
          "start": {
            "line": 42,
            "column": 2
          },
          "end": {
            "line": 42,
            "column": 16
          }
        },
        "11": {
          "start": {
            "line": 13,
            "column": 0
          },
          "end": {
            "line": 13,
            "column": 16
          }
        }
      },
      "fnMap": {
        "0": {
          "name": "readInputs",
          "decl": {
            "start": {
              "line": 13,
              "column": 16
            },
            "end": {
              "line": 13,
              "column": 26
            }
          },
          "loc": {
            "start": {
              "line": 13,
              "column": 26
            },
            "end": {
              "line": 43,
              "column": 1
            }
          }
        }
      },
      "branchMap": {
        "0": {
          "loc": {
            "start": {
              "line": 19,
              "column": 4
            },
            "end": {
              "line": 19,
              "column": 25
            }
          },
          "type": "binary-expr",
          "locations": [
            {
              "start": {
                "line": 19,
                "column": 4
              },
              "end": {
                "line": 19,
                "column": 25
              }
            },
            {
              "start": {
                "line": 20,
                "column": 4
              },
              "end": {
                "line": 20,
                "column": 57
              }
            }
          ]
        }
      },
      "s": {
        "0": 1,
        "1": 0,
        "2": 0,
        "3": 0,
        "4": 0,
        "5": 0,
        "6": 0,
        "7": 0,
        "8": 0,
        "9": 0,
        "10": 0,
        "11": 1
      },
      "f": {
        "0": 0
      },
      "b": {
        "0": [
          0,
          0
        ]
      }
    },
    "/home/runner/work/github-action-working-directory/github-action-working-directory/src/clone.ts": {
      "path": "/home/runner/work/github-action-working-directory/github-action-working-directory/src/clone.ts",
      "statementMap": {
        "0": {
          "start": {
            "line": 2,
            "column": 0
          },
          "end": {
            "line": 2,
            "column": 38
          }
        },
        "1": {
          "start": {
            "line": 3,
            "column": 0
          },
          "end": {
            "line": 3,
            "column": 48
          }
        },
        "2": {
          "start": {
            "line": 4,
            "column": 0
          },
          "end": {
            "line": 4,
            "column": 38
          }
        },
        "3": {
          "start": {
            "line": 7,
            "column": 2
          },
          "end": {
            "line": 17,
            "column": null
          }
        },
        "4": {
          "start": {
            "line": 8,
            "column": 43
          },
          "end": {
            "line": 8,
            "column": 55
          }
        },
        "5": {
          "start": {
            "line": 10,
            "column": 18
          },
          "end": {
            "line": 10,
            "column": 37
          }
        },
        "6": {
          "start": {
            "line": 12,
            "column": 16
          },
          "end": {
            "line": 12,
            "column": 60
          }
        },
        "7": {
          "start": {
            "line": 14,
            "column": 4
          },
          "end": {
            "line": 14,
            "column": 45
          }
        },
        "8": {
          "start": {
            "line": 16,
            "column": 4
          },
          "end": {
            "line": 16,
            "column": 34
          }
        },
        "9": {
          "start": {
            "line": 20,
            "column": 0
          },
          "end": {
            "line": 20,
            "column": 6
          }
        }
      },
      "fnMap": {
        "0": {
          "name": "run",
          "decl": {
            "start": {
              "line": 6,
              "column": 15
            },
            "end": {
              "line": 6,
              "column": 18
            }
          },
          "loc": {
            "start": {
              "line": 6,
              "column": 18
            },
            "end": {
              "line": 18,
              "column": null
            }
          }
        }
      },
      "branchMap": {
        "0": {
          "loc": {
            "start": {
              "line": 14,
              "column": 29
            },
            "end": {
              "line": 14,
              "column": 31
            }
          },
          "type": "cond-expr",
          "locations": [
            {
              "start": {
                "line": 14,
                "column": 29
              },
              "end": {
                "line": 14,
                "column": 31
              }
            },
            {
              "start": {
                "line": 14,
                "column": 29
              },
              "end": {
                "line": 14,
                "column": 41
              }
            }
          ]
        },
        "1": {
          "loc": {
            "start": {
              "line": 14,
              "column": 26
            },
            "end": {
              "line": 14,
              "column": 31
            }
          },
          "type": "binary-expr",
          "locations": [
            {
              "start": {
                "line": 14,
                "column": 26
              },
              "end": {
                "line": 14,
                "column": 31
              }
            },
            {
              "start": {
                "line": 14,
                "column": 29
              },
              "end": {
                "line": 14,
                "column": 31
              }
            }
          ]
        }
      },
      "s": {
        "0": 0,
        "1": 0,
        "2": 0,
        "3": 0,
        "4": 0,
        "5": 0,
        "6": 0,
        "7": 0,
        "8": 0,
        "9": 0
      },
      "f": {
        "0": 0
      },
      "b": {
        "0": [
          0,
          0
        ],
        "1": [
          0,
          0
        ]
      }
    },
    "/home/runner/work/github-action-working-directory/github-action-working-directory/src/utils/wait.ts": {
      "path": "/home/runner/work/github-action-working-directory/github-action-working-directory/src/utils/wait.ts",
      "statementMap": {
        "0": {
          "start": {
            "line": 2,
            "column": 2
          },
          "end": {
            "line": 8,
            "column": 5
          }
        },
        "1": {
          "start": {
            "line": 3,
            "column": 4
          },
          "end": {
            "line": 5,
            "column": null
          }
        },
        "2": {
          "start": {
            "line": 4,
            "column": 6
          },
          "end": {
            "line": 4,
            "column": 51
          }
        },
        "3": {
          "start": {
            "line": 7,
            "column": 4
          },
          "end": {
            "line": 7,
            "column": 53
          }
        },
        "4": {
          "start": {
            "line": 7,
            "column": 21
          },
          "end": {
            "line": 7,
            "column": 37
          }
        },
        "5": {
          "start": {
            "line": 1,
            "column": 0
          },
          "end": {
            "line": 1,
            "column": 22
          }
        }
      },
      "fnMap": {
        "0": {
          "name": "wait",
          "decl": {
            "start": {
              "line": 1,
              "column": 22
            },
            "end": {
              "line": 1,
              "column": 26
            }
          },
          "loc": {
            "start": {
              "line": 1,
              "column": 47
            },
            "end": {
              "line": 9,
              "column": null
            }
          }
        },
        "1": {
          "name": "(anonymous_9)",
          "decl": {
            "start": {
              "line": 2,
              "column": 21
            },
            "end": {
              "line": 2,
              "column": 28
            }
          },
          "loc": {
            "start": {
              "line": 2,
              "column": 31
            },
            "end": {
              "line": 8,
              "column": 3
            }
          }
        },
        "2": {
          "name": "(anonymous_10)",
          "decl": {
            "start": {
              "line": 7,
              "column": 15
            },
            "end": {
              "line": 7,
              "column": 18
            }
          },
          "loc": {
            "start": {
              "line": 7,
              "column": 21
            },
            "end": {
              "line": 7,
              "column": 37
            }
          }
        }
      },
      "branchMap": {
        "0": {
          "loc": {
            "start": {
              "line": 3,
              "column": 4
            },
            "end": {
              "line": 5,
              "column": null
            }
          },
          "type": "if",
          "locations": [
            {
              "start": {
                "line": 3,
                "column": 4
              },
              "end": {
                "line": 5,
                "column": null
              }
            },
            {
              "start": {
                "line": 3,
                "column": 4
              },
              "end": {
                "line": 5,
                "column": null
              }
            }
          ]
        }
      },
      "s": {
        "0": 0,
        "1": 0,
        "2": 0,
        "3": 0,
        "4": 0,
        "5": 0
      },
      "f": {
        "0": 0,
        "1": 0,
        "2": 0
      },
      "b": {
        "0": [
          0,
          0
        ]
      }
    },
    "/home/runner/work/github-action-working-directory/github-action-working-directory/src/commit.ts": {
      "path": "/home/runner/work/github-action-working-directory/github-action-working-directory/src/commit.ts",
      "statementMap": {
        "0": {
          "start": {
            "line": 2,
            "column": 0
          },
          "end": {
            "line": 2,
            "column": 38
          }
        },
        "1": {
          "start": {
            "line": 3,
            "column": 0
          },
          "end": {
            "line": 3,
            "column": 48
          }
        },
        "2": {
          "start": {
            "line": 4,
            "column": 0
          },
          "end": {
            "line": 4,
            "column": 54
          }
        },
        "3": {
          "start": {
            "line": 7,
            "column": 2
          },
          "end": {
            "line": 14,
            "column": null
          }
        },
        "4": {
          "start": {
            "line": 8,
            "column": 50
          },
          "end": {
            "line": 8,
            "column": 62
          }
        },
        "5": {
          "start": {
            "line": 9,
            "column": 22
          },
          "end": {
            "line": 9,
            "column": 26
          }
        },
        "6": {
          "start": {
            "line": 11,
            "column": 4
          },
          "end": {
            "line": 11,
            "column": 70
          }
        },
        "7": {
          "start": {
            "line": 13,
            "column": 4
          },
          "end": {
            "line": 13,
            "column": 34
          }
        },
        "8": {
          "start": {
            "line": 17,
            "column": 0
          },
          "end": {
            "line": 17,
            "column": 6
          }
        }
      },
      "fnMap": {
        "0": {
          "name": "run",
          "decl": {
            "start": {
              "line": 6,
              "column": 15
            },
            "end": {
              "line": 6,
              "column": 18
            }
          },
          "loc": {
            "start": {
              "line": 6,
              "column": 18
            },
            "end": {
              "line": 15,
              "column": null
            }
          }
        }
      },
      "branchMap": {},
      "s": {
        "0": 0,
        "1": 0,
        "2": 0,
        "3": 0,
        "4": 0,
        "5": 0,
        "6": 0,
        "7": 0,
        "8": 0
      },
      "f": {
        "0": 0
      },
      "b": {}
    }
  }
}