{
  "numFailedTestSuites": 3,
  "numFailedTests": 1,
  "numPassedTestSuites": 2,
  "numPassedTests": 8,
  "numPendingTestSuites": 0,
  "numPendingTests": 0,
  "numRuntimeErrorTestSuites": 2,
  "numTodoTests": 0,
  "numTotalTestSuites": 5,
  "numTotalTests": 9,
  "openHandles": [],
  "snapshot": {
    "added": 0,
    "didUpdate": false,
    "failure": false,
    "filesAdded": 0,
    "filesRemoved": 0,
    "filesRemovedList": [],
    "filesUnmatched": 0,
    "filesUpdated": 0,
    "matched": 0,
    "total": 0,
    "unchecked": 0,
    "uncheckedKeysByFile": [],
    "unmatched": 0,
    "updated": 0
  },
  "startTime": 1580807476246,
  "success": false,
  "testResults": [
    {
      "leaks": false,
      "numFailingTests": 1,
      "numPassingTests": 6,
      "numPendingTests": 0,
      "numTodoTests": 0,
      "openHandles": [],
      "perfStats": {
        "end": 1580807480622,
        "start": 1580807476298
      },
      "skipped": false,
      "snapshot": {
        "added": 0,
        "fileDeleted": false,
        "matched": 0,
        "unchecked": 0,
        "unmatched": 0,
        "updated": 0,
        "uncheckedKeys": []
      },
      "testFilePath": "/home/runner/work/github-action-working-directory/github-action-working-directory/tests/end-to-end.github-action.ts",
      "testResults": [
        {
          "ancestorTitles": [
            "GitHub Actions Test"
          ],
          "duration": 2,
          "failureMessages": [],
          "fullName": "GitHub Actions Test action.yml exists",
          "location": null,
          "numPassingAsserts": 0,
          "status": "passed",
          "title": "action.yml exists"
        },
        {
          "ancestorTitles": [
            "GitHub Actions Test"
          ],
          "duration": 3,
          "failureMessages": [],
          "fullName": "GitHub Actions Test can read action.yml",
          "location": null,
          "numPassingAsserts": 0,
          "status": "passed",
          "title": "can read action.yml"
        },
        {
          "ancestorTitles": [
            "GitHub Actions Test"
          ],
          "duration": 4,
          "failureMessages": [],
          "fullName": "GitHub Actions Test action.yml has valid yaml",
          "location": null,
          "numPassingAsserts": 0,
          "status": "passed",
          "title": "action.yml has valid yaml"
        },
        {
          "ancestorTitles": [
            "GitHub Actions Test"
          ],
          "duration": 2,
          "failureMessages": [],
          "fullName": "GitHub Actions Test action.yml has correct runs.using",
          "location": null,
          "numPassingAsserts": 0,
          "status": "passed",
          "title": "action.yml has correct runs.using"
        },
        {
          "ancestorTitles": [
            "GitHub Actions Test"
          ],
          "duration": 1,
          "failureMessages": [],
          "fullName": "GitHub Actions Test action.yml has runs.main and runs.post",
          "location": null,
          "numPassingAsserts": 0,
          "status": "passed",
          "title": "action.yml has runs.main and runs.post"
        },
        {
          "ancestorTitles": [
            "GitHub Actions Test"
          ],
          "duration": 2,
          "failureMessages": [],
          "fullName": "GitHub Actions Test runs.main and runs.post files exist",
          "location": null,
          "numPassingAsserts": 0,
          "status": "passed",
          "title": "runs.main and runs.post files exist"
        },
        {
          "ancestorTitles": [
            "GitHub Actions Test"
          ],
          "duration": 92,
          "failureMessages": [
            "Error: \u001b[2mexpect(\u001b[22m\u001b[31mreceived\u001b[39m\u001b[2m).\u001b[22mtoBe\u001b[2m(\u001b[22m\u001b[32mexpected\u001b[39m\u001b[2m) // Object.is equality\u001b[22m\n\n\u001b[32m- Expected  -  2\u001b[39m\n\u001b[31m+ Received  + 13\u001b[39m\n\n\u001b[32m- std\u001b[7mout > ::debug::Reading inputs\u001b[27m\u001b[39m\n\u001b[32m- stdout > ::debug::Cloned: undefined\u001b[39m\n\u001b[31m+ std\u001b[7merr > (node:3891) UnhandledPromiseRejectionWarning: TypeError: Cannot read property 'setFailed' of undefined\u001b[27m\u001b[39m\n\u001b[31m+     at /home/runner/work/github-action-working-directory/github-action-working-directory/dist/src/clone.ts:28:1\u001b[39m\n\u001b[31m+     at Generator.next (<anonymous>)\u001b[39m\n\u001b[31m+     at /home/runner/work/github-action-working-directory/github-action-working-directory/dist/src/clone.ts:8:1\u001b[39m\n\u001b[31m+     at new Promise (<anonymous>)\u001b[39m\n\u001b[31m+     at module.exports.985.__awaiter (/home/runner/work/github-action-working-directory/github-action-working-directory/dist/src/clone.ts:4:1)\u001b[39m\n\u001b[31m+     at run (/home/runner/work/github-action-working-directory/github-action-working-directory/dist/src/clone.ts:20:1)\u001b[39m\n\u001b[31m+     at Object.985 (/home/runner/work/github-action-working-directory/github-action-working-directory/dist/src/clone.ts:32:1)\u001b[39m\n\u001b[31m+     at __webpack_require__ (/webpack/bootstrap:19:1)\u001b[39m\n\u001b[31m+     at startup (/webpack/bootstrap:34:1)\u001b[39m\n\u001b[31m+     at /webpack/bootstrap:38:1\u001b[39m\n\u001b[31m+ stderr > (node:3891) UnhandledPromiseRejectionWarning: Unhandled promise rejection. This error originated either by throwing inside of an async function without a catch block, or by rejecting a promise which was not handled with .catch(). (rejection id: 1)\u001b[39m\n\u001b[31m+ stderr > (node:3891) [DEP0018] DeprecationWarning: Unhandled promise rejections are deprecated. In the future, promise rejections that are not handled will terminate the Node.js process with a non-zero exit code.\u001b[39m\n\u001b[2m  ↵\u001b[22m\n    at /home/runner/work/github-action-working-directory/github-action-working-directory/tests/end-to-end.github-action.ts:98:24\n    at Generator.next (<anonymous>)\n    at fulfilled (/home/runner/work/github-action-working-directory/github-action-working-directory/tests/end-to-end.github-action.ts:5:58)\n    at processTicksAndRejections (internal/process/task_queues.js:94:5)"
          ],
          "fullName": "GitHub Actions Test can run runs.main and runs.post end-to-end",
          "location": null,
          "numPassingAsserts": 0,
          "status": "failed",
          "title": "can run runs.main and runs.post end-to-end"
        }
      ],
      "failureMessage": "\u001b[1m\u001b[31m  \u001b[1m● \u001b[22m\u001b[1mGitHub Actions Test › can run runs.main and runs.post end-to-end\u001b[39m\u001b[22m\n\n    \u001b[2mexpect(\u001b[22m\u001b[31mreceived\u001b[39m\u001b[2m).\u001b[22mtoBe\u001b[2m(\u001b[22m\u001b[32mexpected\u001b[39m\u001b[2m) // Object.is equality\u001b[22m\n\n    \u001b[32m- Expected  -  2\u001b[39m\n    \u001b[31m+ Received  + 13\u001b[39m\n\n    \u001b[32m- std\u001b[7mout > ::debug::Reading inputs\u001b[27m\u001b[39m\n    \u001b[32m- stdout > ::debug::Cloned: undefined\u001b[39m\n    \u001b[31m+ std\u001b[7merr > (node:3891) UnhandledPromiseRejectionWarning: TypeError: Cannot read property 'setFailed' of undefined\u001b[27m\u001b[39m\n    \u001b[31m+     at /home/runner/work/github-action-working-directory/github-action-working-directory/dist/src/clone.ts:28:1\u001b[39m\n    \u001b[31m+     at Generator.next (<anonymous>)\u001b[39m\n    \u001b[31m+     at /home/runner/work/github-action-working-directory/github-action-working-directory/dist/src/clone.ts:8:1\u001b[39m\n    \u001b[31m+     at new Promise (<anonymous>)\u001b[39m\n    \u001b[31m+     at module.exports.985.__awaiter (/home/runner/work/github-action-working-directory/github-action-working-directory/dist/src/clone.ts:4:1)\u001b[39m\n    \u001b[31m+     at run (/home/runner/work/github-action-working-directory/github-action-working-directory/dist/src/clone.ts:20:1)\u001b[39m\n    \u001b[31m+     at Object.985 (/home/runner/work/github-action-working-directory/github-action-working-directory/dist/src/clone.ts:32:1)\u001b[39m\n    \u001b[31m+     at __webpack_require__ (/webpack/bootstrap:19:1)\u001b[39m\n    \u001b[31m+     at startup (/webpack/bootstrap:34:1)\u001b[39m\n    \u001b[31m+     at /webpack/bootstrap:38:1\u001b[39m\n    \u001b[31m+ stderr > (node:3891) UnhandledPromiseRejectionWarning: Unhandled promise rejection. This error originated either by throwing inside of an async function without a catch block, or by rejecting a promise which was not handled with .catch(). (rejection id: 1)\u001b[39m\n    \u001b[31m+ stderr > (node:3891) [DEP0018] DeprecationWarning: Unhandled promise rejections are deprecated. In the future, promise rejections that are not handled will terminate the Node.js process with a non-zero exit code.\u001b[39m\n    \u001b[2m  ↵\u001b[22m\n\u001b[2m\u001b[22m\n\u001b[2m    \u001b[0m \u001b[90m  96 | \u001b[39m    })\u001b[33m;\u001b[39m\u001b[0m\u001b[22m\n\u001b[2m    \u001b[0m \u001b[90m  97 | \u001b[39m\u001b[0m\u001b[22m\n\u001b[2m    \u001b[0m\u001b[31m\u001b[1m>\u001b[22m\u001b[2m\u001b[39m\u001b[90m  98 | \u001b[39m    expect(mainOutput)\u001b[33m.\u001b[39mtoBe(\u001b[0m\u001b[22m\n\u001b[2m    \u001b[0m \u001b[90m     | \u001b[39m                       \u001b[31m\u001b[1m^\u001b[22m\u001b[2m\u001b[39m\u001b[0m\u001b[22m\n\u001b[2m    \u001b[0m \u001b[90m  99 | \u001b[39m      [\u001b[32m'::debug::Reading inputs'\u001b[39m\u001b[33m,\u001b[39m \u001b[32m'::debug::Cloned: undefined'\u001b[39m]\u001b[0m\u001b[22m\n\u001b[2m    \u001b[0m \u001b[90m 100 | \u001b[39m        \u001b[33m.\u001b[39mmap(l \u001b[33m=>\u001b[39m \u001b[32m`stdout > ${l}${EOL}`\u001b[39m)\u001b[0m\u001b[22m\n\u001b[2m    \u001b[0m \u001b[90m 101 | \u001b[39m        \u001b[33m.\u001b[39mjoin(\u001b[32m''\u001b[39m)\u001b[33m,\u001b[39m\u001b[0m\u001b[22m\n\u001b[2m\u001b[22m\n\u001b[2m      \u001b[2mat \u001b[22m\u001b[2m\u001b[0m\u001b[36mtests/end-to-end.github-action.ts\u001b[39m\u001b[0m\u001b[2m:98:24\u001b[22m\u001b[2m\u001b[22m\n\u001b[2m      \u001b[2mat fulfilled (\u001b[22m\u001b[2m\u001b[0m\u001b[36mtests/end-to-end.github-action.ts\u001b[39m\u001b[0m\u001b[2m:5:58)\u001b[22m\u001b[2m\u001b[22m\n"
    },
    {
      "displayName": "",
      "failureMessage": "  \u001b[1m● \u001b[22mTest suite failed to run\n\n    TypeScript diagnostics (customize using `[jest-config].globals.ts-jest.diagnostics` option):\n    \u001b[96mtests/end-to-end.node.ts\u001b[0m:\u001b[93m45\u001b[0m:\u001b[93m31\u001b[0m - \u001b[91merror\u001b[0m\u001b[90m TS2339: \u001b[0mProperty 'head' does not exist on type 'void'.\n\n    \u001b[7m45\u001b[0m     const head = await result.head();\n    \u001b[7m  \u001b[0m \u001b[91m                              ~~~~\u001b[0m\n",
      "leaks": false,
      "numFailingTests": 0,
      "numPassingTests": 0,
      "numPendingTests": 0,
      "numTodoTests": 0,
      "openHandles": [],
      "perfStats": {
        "end": 0,
        "start": 0
      },
      "skipped": false,
      "snapshot": {
        "added": 0,
        "fileDeleted": false,
        "matched": 0,
        "unchecked": 0,
        "uncheckedKeys": [],
        "unmatched": 0,
        "updated": 0
      },
      "testExecError": {
        "diagnosticText": "\u001b[96mtests/end-to-end.node.ts\u001b[0m:\u001b[93m45\u001b[0m:\u001b[93m31\u001b[0m - \u001b[91merror\u001b[0m\u001b[90m TS2339: \u001b[0mProperty 'head' does not exist on type 'void'.\n\n\u001b[7m45\u001b[0m     const head = await result.head();\n\u001b[7m  \u001b[0m \u001b[91m                              ~~~~\u001b[0m\n",
        "diagnosticCodes": [
          2339
        ]
      },
      "testFilePath": "/home/runner/work/github-action-working-directory/github-action-working-directory/tests/end-to-end.node.ts",
      "testResults": []
    },
    {
      "displayName": "",
      "failureMessage": "  \u001b[1m● \u001b[22mTest suite failed to run\n\n    TypeScript diagnostics (customize using `[jest-config].globals.ts-jest.diagnostics` option):\n    \u001b[96mtests/utils.clone.ts\u001b[0m:\u001b[93m43\u001b[0m:\u001b[93m31\u001b[0m - \u001b[91merror\u001b[0m\u001b[90m TS2339: \u001b[0mProperty 'head' does not exist on type 'void'.\n\n    \u001b[7m43\u001b[0m     const head = await result.head();\n    \u001b[7m  \u001b[0m \u001b[91m                              ~~~~\u001b[0m\n",
      "leaks": false,
      "numFailingTests": 0,
      "numPassingTests": 0,
      "numPendingTests": 0,
      "numTodoTests": 0,
      "openHandles": [],
      "perfStats": {
        "end": 0,
        "start": 0
      },
      "skipped": false,
      "snapshot": {
        "added": 0,
        "fileDeleted": false,
        "matched": 0,
        "unchecked": 0,
        "uncheckedKeys": [],
        "unmatched": 0,
        "updated": 0
      },
      "testExecError": {
        "diagnosticText": "\u001b[96mtests/utils.clone.ts\u001b[0m:\u001b[93m43\u001b[0m:\u001b[93m31\u001b[0m - \u001b[91merror\u001b[0m\u001b[90m TS2339: \u001b[0mProperty 'head' does not exist on type 'void'.\n\n\u001b[7m43\u001b[0m     const head = await result.head();\n\u001b[7m  \u001b[0m \u001b[91m                              ~~~~\u001b[0m\n",
        "diagnosticCodes": [
          2339
        ]
      },
      "testFilePath": "/home/runner/work/github-action-working-directory/github-action-working-directory/tests/utils.clone.ts",
      "testResults": []
    },
    {
      "leaks": false,
      "numFailingTests": 0,
      "numPassingTests": 1,
      "numPendingTests": 0,
      "numTodoTests": 0,
      "openHandles": [],
      "perfStats": {
        "end": 1580807482575,
        "start": 1580807481721
      },
      "skipped": false,
      "snapshot": {
        "added": 0,
        "fileDeleted": false,
        "matched": 0,
        "unchecked": 0,
        "unmatched": 0,
        "updated": 0,
        "uncheckedKeys": []
      },
      "testFilePath": "/home/runner/work/github-action-working-directory/github-action-working-directory/tests/utils.commitAndPush.ts",
      "testResults": [
        {
          "ancestorTitles": [
            "utils/commitAndPush"
          ],
          "duration": 2,
          "failureMessages": [],
          "fullName": "utils/commitAndPush commitAndPush is a function",
          "location": null,
          "numPassingAsserts": 0,
          "status": "passed",
          "title": "commitAndPush is a function"
        }
      ],
      "failureMessage": null
    },
    {
      "leaks": false,
      "numFailingTests": 0,
      "numPassingTests": 1,
      "numPendingTests": 0,
      "numTodoTests": 0,
      "openHandles": [],
      "perfStats": {
        "end": 1580807482891,
        "start": 1580807482598
      },
      "skipped": false,
      "snapshot": {
        "added": 0,
        "fileDeleted": false,
        "matched": 0,
        "unchecked": 0,
        "unmatched": 0,
        "updated": 0,
        "uncheckedKeys": []
      },
      "testFilePath": "/home/runner/work/github-action-working-directory/github-action-working-directory/tests/utils.inputs.ts",
      "testResults": [
        {
          "ancestorTitles": [
            "utils/readInputs"
          ],
          "duration": 2,
          "failureMessages": [],
          "fullName": "utils/readInputs readInputs is a function",
          "location": null,
          "numPassingAsserts": 0,
          "status": "passed",
          "title": "readInputs is a function"
        }
      ],
      "failureMessage": null
    }
  ],
  "wasInterrupted": false,
  "coverageMap": {
    "/home/runner/work/github-action-working-directory/github-action-working-directory/src/utils/commitAndPush.ts": {
      "path": "/home/runner/work/github-action-working-directory/github-action-working-directory/src/utils/commitAndPush.ts",
      "statementMap": {
        "0": {
          "start": {
            "line": 1,
            "column": 0
          },
          "end": {
            "line": 1,
            "column": 33
          }
        },
        "1": {
          "start": {
            "line": 2,
            "column": 0
          },
          "end": {
            "line": 2,
            "column": 32
          }
        },
        "2": {
          "start": {
            "line": 30,
            "column": 14
          },
          "end": {
            "line": 30,
            "column": 33
          }
        },
        "3": {
          "start": {
            "line": 32,
            "column": 2
          },
          "end": {
            "line": 32,
            "column": 26
          }
        },
        "4": {
          "start": {
            "line": 34,
            "column": 2
          },
          "end": {
            "line": 34,
            "column": 47
          }
        },
        "5": {
          "start": {
            "line": 36,
            "column": 2
          },
          "end": {
            "line": 36,
            "column": 20
          }
        },
        "6": {
          "start": {
            "line": 38,
            "column": 2
          },
          "end": {
            "line": 46,
            "column": 4
          }
        },
        "7": {
          "start": {
            "line": 48,
            "column": 2
          },
          "end": {
            "line": 48,
            "column": 17
          }
        },
        "8": {
          "start": {
            "line": 50,
            "column": 2
          },
          "end": {
            "line": 50,
            "column": 61
          }
        },
        "9": {
          "start": {
            "line": 22,
            "column": 0
          },
          "end": {
            "line": 22,
            "column": 22
          }
        }
      },
      "fnMap": {
        "0": {
          "name": "commitAndPush",
          "decl": {
            "start": {
              "line": 22,
              "column": 22
            },
            "end": {
              "line": 22,
              "column": 35
            }
          },
          "loc": {
            "start": {
              "line": 29,
              "column": 10
            },
            "end": {
              "line": 51,
              "column": null
            }
          }
        }
      },
      "branchMap": {
        "0": {
          "loc": {
            "start": {
              "line": 30,
              "column": 14
            },
            "end": {
              "line": 30,
              "column": 19
            }
          },
          "type": "cond-expr",
          "locations": [
            {
              "start": {
                "line": 30,
                "column": 14
              },
              "end": {
                "line": 30,
                "column": 19
              }
            },
            {
              "start": {
                "line": 30,
                "column": 23
              },
              "end": {
                "line": 30,
                "column": 33
              }
            }
          ]
        },
        "1": {
          "loc": {
            "start": {
              "line": 30,
              "column": 14
            },
            "end": {
              "line": 30,
              "column": 23
            }
          },
          "type": "binary-expr",
          "locations": [
            {
              "start": {
                "line": 30,
                "column": 14
              },
              "end": {
                "line": 30,
                "column": 23
              }
            },
            {
              "start": {
                "line": 30,
                "column": 14
              },
              "end": {
                "line": 30,
                "column": 23
              }
            }
          ]
        }
      },
      "s": {
        "0": 1,
        "1": 1,
        "2": 0,
        "3": 0,
        "4": 0,
        "5": 0,
        "6": 0,
        "7": 0,
        "8": 0,
        "9": 1
      },
      "f": {
        "0": 0
      },
      "b": {
        "0": [
          0,
          0
        ],
        "1": [
          0,
          0
        ]
      }
    },
    "/home/runner/work/github-action-working-directory/github-action-working-directory/src/utils/spawn.ts": {
      "path": "/home/runner/work/github-action-working-directory/github-action-working-directory/src/utils/spawn.ts",
      "statementMap": {
        "0": {
          "start": {
            "line": 1,
            "column": 0
          },
          "end": {
            "line": 1,
            "column": null
          }
        },
        "1": {
          "start": {
            "line": 8,
            "column": 0
          },
          "end": {
            "line": 8,
            "column": 33
          }
        },
        "2": {
          "start": {
            "line": 10,
            "column": 21
          },
          "end": {
            "line": 10,
            "column": 32
          }
        },
        "3": {
          "start": {
            "line": 77,
            "column": 32
          },
          "end": {
            "line": 77,
            "column": 52
          }
        },
        "4": {
          "start": {
            "line": 80,
            "column": 4
          },
          "end": {
            "line": 85,
            "column": null
          }
        },
        "5": {
          "start": {
            "line": 88,
            "column": 14
          },
          "end": {
            "line": 96,
            "column": 30
          }
        },
        "6": {
          "start": {
            "line": 89,
            "column": 4
          },
          "end": {
            "line": 95,
            "column": 7
          }
        },
        "7": {
          "start": {
            "line": 90,
            "column": 6
          },
          "end": {
            "line": 94,
            "column": null
          }
        },
        "8": {
          "start": {
            "line": 91,
            "column": 8
          },
          "end": {
            "line": 91,
            "column": 52
          }
        },
        "9": {
          "start": {
            "line": 93,
            "column": 8
          },
          "end": {
            "line": 93,
            "column": 18
          }
        },
        "10": {
          "start": {
            "line": 98,
            "column": 2
          },
          "end": {
            "line": 98,
            "column": 19
          }
        },
        "11": {
          "start": {
            "line": 100,
            "column": 2
          },
          "end": {
            "line": 100,
            "column": 13
          }
        },
        "12": {
          "start": {
            "line": 71,
            "column": 0
          },
          "end": {
            "line": 71,
            "column": 16
          }
        },
        "13": {
          "start": {
            "line": 103,
            "column": 14
          },
          "end": {
            "line": 103,
            "column": 33
          }
        },
        "14": {
          "start": {
            "line": 124,
            "column": 2
          },
          "end": {
            "line": 126,
            "column": null
          }
        },
        "15": {
          "start": {
            "line": 125,
            "column": 4
          },
          "end": {
            "line": 125,
            "column": 26
          }
        },
        "16": {
          "start": {
            "line": 128,
            "column": 2
          },
          "end": {
            "line": 128,
            "column": 43
          }
        },
        "17": {
          "start": {
            "line": 128,
            "column": 22
          },
          "end": {
            "line": 128,
            "column": 43
          }
        },
        "18": {
          "start": {
            "line": 130,
            "column": 2
          },
          "end": {
            "line": 130,
            "column": 35
          }
        },
        "19": {
          "start": {
            "line": 117,
            "column": 0
          },
          "end": {
            "line": 117,
            "column": 16
          }
        }
      },
      "fnMap": {
        "0": {
          "name": "spawn",
          "decl": {
            "start": {
              "line": 71,
              "column": 16
            },
            "end": {
              "line": 71,
              "column": 21
            }
          },
          "loc": {
            "start": {
              "line": 74,
              "column": 19
            },
            "end": {
              "line": 101,
              "column": 1
            }
          }
        },
        "1": {
          "name": "(anonymous_1)",
          "decl": {
            "start": {
              "line": 88,
              "column": 26
            },
            "end": {
              "line": 88,
              "column": 27
            }
          },
          "loc": {
            "start": {
              "line": 88,
              "column": 46
            },
            "end": {
              "line": 96,
              "column": 3
            }
          }
        },
        "2": {
          "name": "(anonymous_2)",
          "decl": {
            "start": {
              "line": 89,
              "column": 20
            },
            "end": {
              "line": 89,
              "column": 28
            }
          },
          "loc": {
            "start": {
              "line": 89,
              "column": 31
            },
            "end": {
              "line": 95,
              "column": 5
            }
          }
        },
        "3": {
          "name": "exec",
          "decl": {
            "start": {
              "line": 117,
              "column": 16
            },
            "end": {
              "line": 117,
              "column": 20
            }
          },
          "loc": {
            "start": {
              "line": 119,
              "column": 36
            },
            "end": {
              "line": 131,
              "column": 1
            }
          }
        }
      },
      "branchMap": {
        "0": {
          "loc": {
            "start": {
              "line": 81,
              "column": 8
            },
            "end": {
              "line": 81,
              "column": 53
            }
          },
          "type": "cond-expr",
          "locations": [
            {
              "start": {
                "line": 81,
                "column": 8
              },
              "end": {
                "line": 81,
                "column": 53
              }
            },
            {
              "start": {
                "line": 82,
                "column": 8
              },
              "end": {
                "line": 85,
                "column": null
              }
            }
          ]
        },
        "1": {
          "loc": {
            "start": {
              "line": 85,
              "column": 26
            },
            "end": {
              "line": 85,
              "column": 63
            }
          },
          "type": "cond-expr",
          "locations": [
            {
              "start": {
                "line": 85,
                "column": 26
              },
              "end": {
                "line": 85,
                "column": 63
              }
            },
            {
              "start": {
                "line": 85,
                "column": 65
              },
              "end": {
                "line": 85,
                "column": 70
              }
            }
          ]
        },
        "2": {
          "loc": {
            "start": {
              "line": 90,
              "column": 6
            },
            "end": {
              "line": 94,
              "column": null
            }
          },
          "type": "if",
          "locations": [
            {
              "start": {
                "line": 90,
                "column": 6
              },
              "end": {
                "line": 94,
                "column": null
              }
            },
            {
              "start": {
                "line": 90,
                "column": 6
              },
              "end": {
                "line": 94,
                "column": null
              }
            }
          ]
        },
        "3": {
          "loc": {
            "start": {
              "line": 119,
              "column": 32
            },
            "end": {
              "line": 119,
              "column": 36
            }
          },
          "type": "default-arg",
          "locations": [
            {
              "start": {
                "line": 119,
                "column": 32
              },
              "end": {
                "line": 119,
                "column": 36
              }
            }
          ]
        },
        "4": {
          "loc": {
            "start": {
              "line": 124,
              "column": 2
            },
            "end": {
              "line": 126,
              "column": null
            }
          },
          "type": "if",
          "locations": [
            {
              "start": {
                "line": 124,
                "column": 2
              },
              "end": {
                "line": 126,
                "column": null
              }
            },
            {
              "start": {
                "line": 124,
                "column": 2
              },
              "end": {
                "line": 126,
                "column": null
              }
            }
          ]
        },
        "5": {
          "loc": {
            "start": {
              "line": 128,
              "column": 2
            },
            "end": {
              "line": 128,
              "column": 43
            }
          },
          "type": "if",
          "locations": [
            {
              "start": {
                "line": 128,
                "column": 2
              },
              "end": {
                "line": 128,
                "column": 43
              }
            },
            {
              "start": {
                "line": 128,
                "column": 2
              },
              "end": {
                "line": 128,
                "column": 43
              }
            }
          ]
        }
      },
      "s": {
        "0": 1,
        "1": 1,
        "2": 1,
        "3": 0,
        "4": 0,
        "5": 0,
        "6": 0,
        "7": 0,
        "8": 0,
        "9": 0,
        "10": 0,
        "11": 0,
        "12": 1,
        "13": 1,
        "14": 0,
        "15": 0,
        "16": 0,
        "17": 0,
        "18": 0,
        "19": 1
      },
      "f": {
        "0": 0,
        "1": 0,
        "2": 0,
        "3": 0
      },
      "b": {
        "0": [
          0,
          0
        ],
        "1": [
          0,
          0
        ],
        "2": [
          0,
          0
        ],
        "3": [
          0
        ],
        "4": [
          0,
          0
        ],
        "5": [
          0,
          0
        ]
      }
    },
    "/home/runner/work/github-action-working-directory/github-action-working-directory/src/utils/readInputs.ts": {
      "path": "/home/runner/work/github-action-working-directory/github-action-working-directory/src/utils/readInputs.ts",
      "statementMap": {
        "0": {
          "start": {
            "line": 1,
            "column": 0
          },
          "end": {
            "line": 1,
            "column": 33
          }
        },
        "1": {
          "start": {
            "line": 14,
            "column": 2
          },
          "end": {
            "line": 14,
            "column": 31
          }
        },
        "2": {
          "start": {
            "line": 16,
            "column": 17
          },
          "end": {
            "line": 16,
            "column": 60
          }
        },
        "3": {
          "start": {
            "line": 19,
            "column": 4
          },
          "end": {
            "line": 20,
            "column": 100
          }
        },
        "4": {
          "start": {
            "line": 22,
            "column": 14
          },
          "end": {
            "line": 22,
            "column": 48
          }
        },
        "5": {
          "start": {
            "line": 24,
            "column": 18
          },
          "end": {
            "line": 24,
            "column": 49
          }
        },
        "6": {
          "start": {
            "line": 26,
            "column": 15
          },
          "end": {
            "line": 26,
            "column": 43
          }
        },
        "7": {
          "start": {
            "line": 28,
            "column": 16
          },
          "end": {
            "line": 28,
            "column": 45
          }
        },
        "8": {
          "start": {
            "line": 30,
            "column": 20
          },
          "end": {
            "line": 30,
            "column": 53
          }
        },
        "9": {
          "start": {
            "line": 32,
            "column": 25
          },
          "end": {
            "line": 40,
            "column": 4
          }
        },
        "10": {
          "start": {
            "line": 42,
            "column": 2
          },
          "end": {
            "line": 42,
            "column": 16
          }
        },
        "11": {
          "start": {
            "line": 13,
            "column": 0
          },
          "end": {
            "line": 13,
            "column": 16
          }
        }
      },
      "fnMap": {
        "0": {
          "name": "readInputs",
          "decl": {
            "start": {
              "line": 13,
              "column": 16
            },
            "end": {
              "line": 13,
              "column": 26
            }
          },
          "loc": {
            "start": {
              "line": 13,
              "column": 26
            },
            "end": {
              "line": 43,
              "column": 1
            }
          }
        }
      },
      "branchMap": {
        "0": {
          "loc": {
            "start": {
              "line": 19,
              "column": 4
            },
            "end": {
              "line": 19,
              "column": 25
            }
          },
          "type": "binary-expr",
          "locations": [
            {
              "start": {
                "line": 19,
                "column": 4
              },
              "end": {
                "line": 19,
                "column": 25
              }
            },
            {
              "start": {
                "line": 20,
                "column": 4
              },
              "end": {
                "line": 20,
                "column": 100
              }
            }
          ]
        }
      },
      "s": {
        "0": 1,
        "1": 0,
        "2": 0,
        "3": 0,
        "4": 0,
        "5": 0,
        "6": 0,
        "7": 0,
        "8": 0,
        "9": 0,
        "10": 0,
        "11": 1
      },
      "f": {
        "0": 0
      },
      "b": {
        "0": [
          0,
          0
        ]
      }
    },
    "/home/runner/work/github-action-working-directory/github-action-working-directory/src/clone.ts": {
      "path": "/home/runner/work/github-action-working-directory/github-action-working-directory/src/clone.ts",
      "statementMap": {
        "0": {
          "start": {
            "line": 2,
            "column": 0
          },
          "end": {
            "line": 2,
            "column": 33
          }
        },
        "1": {
          "start": {
            "line": 3,
            "column": 0
          },
          "end": {
            "line": 3,
            "column": 48
          }
        },
        "2": {
          "start": {
            "line": 4,
            "column": 0
          },
          "end": {
            "line": 4,
            "column": 38
          }
        },
        "3": {
          "start": {
            "line": 7,
            "column": 2
          },
          "end": {
            "line": 17,
            "column": null
          }
        },
        "4": {
          "start": {
            "line": 8,
            "column": 43
          },
          "end": {
            "line": 8,
            "column": 55
          }
        },
        "5": {
          "start": {
            "line": 10,
            "column": 18
          },
          "end": {
            "line": 10,
            "column": 37
          }
        },
        "6": {
          "start": {
            "line": 12,
            "column": 4
          },
          "end": {
            "line": 12,
            "column": 49
          }
        },
        "7": {
          "start": {
            "line": 14,
            "column": 4
          },
          "end": {
            "line": 14,
            "column": 25
          }
        },
        "8": {
          "start": {
            "line": 16,
            "column": 4
          },
          "end": {
            "line": 16,
            "column": 34
          }
        },
        "9": {
          "start": {
            "line": 20,
            "column": 0
          },
          "end": {
            "line": 20,
            "column": 6
          }
        }
      },
      "fnMap": {
        "0": {
          "name": "run",
          "decl": {
            "start": {
              "line": 6,
              "column": 15
            },
            "end": {
              "line": 6,
              "column": 18
            }
          },
          "loc": {
            "start": {
              "line": 6,
              "column": 18
            },
            "end": {
              "line": 18,
              "column": null
            }
          }
        }
      },
      "branchMap": {},
      "s": {
        "0": 0,
        "1": 0,
        "2": 0,
        "3": 0,
        "4": 0,
        "5": 0,
        "6": 0,
        "7": 0,
        "8": 0,
        "9": 0
      },
      "f": {
        "0": 0
      },
      "b": {}
    },
    "/home/runner/work/github-action-working-directory/github-action-working-directory/src/utils/clone.ts": {
      "path": "/home/runner/work/github-action-working-directory/github-action-working-directory/src/utils/clone.ts",
      "statementMap": {
        "0": {
          "start": {
            "line": 1,
            "column": 0
          },
          "end": {
            "line": 1,
            "column": 33
          }
        },
        "1": {
          "start": {
            "line": 2,
            "column": 0
          },
          "end": {
            "line": 2,
            "column": 32
          }
        },
        "2": {
          "start": {
            "line": 3,
            "column": 0
          },
          "end": {
            "line": 3,
            "column": 30
          }
        },
        "3": {
          "start": {
            "line": 5,
            "column": 18
          },
          "end": {
            "line": 5,
            "column": 26
          }
        },
        "4": {
          "start": {
            "line": 20,
            "column": 14
          },
          "end": {
            "line": 20,
            "column": 33
          }
        },
        "5": {
          "start": {
            "line": 22,
            "column": 2
          },
          "end": {
            "line": 22,
            "column": 39
          }
        },
        "6": {
          "start": {
            "line": 24,
            "column": 2
          },
          "end": {
            "line": 40,
            "column": 5
          }
        },
        "7": {
          "start": {
            "line": 33,
            "column": 21
          },
          "end": {
            "line": 40,
            "column": 4
          }
        },
        "8": {
          "start": {
            "line": 34,
            "column": 4
          },
          "end": {
            "line": 34,
            "column": 56
          }
        },
        "9": {
          "start": {
            "line": 36,
            "column": 4
          },
          "end": {
            "line": 36,
            "column": 42
          }
        },
        "10": {
          "start": {
            "line": 37,
            "column": 4
          },
          "end": {
            "line": 37,
            "column": 45
          }
        },
        "11": {
          "start": {
            "line": 38,
            "column": 4
          },
          "end": {
            "line": 38,
            "column": 73
          }
        },
        "12": {
          "start": {
            "line": 39,
            "column": 4
          },
          "end": {
            "line": 39,
            "column": 69
          }
        },
        "13": {
          "start": {
            "line": 42,
            "column": 2
          },
          "end": {
            "line": 42,
            "column": 28
          }
        },
        "14": {
          "start": {
            "line": 14,
            "column": 0
          },
          "end": {
            "line": 14,
            "column": 22
          }
        }
      },
      "fnMap": {
        "0": {
          "name": "clone",
          "decl": {
            "start": {
              "line": 14,
              "column": 22
            },
            "end": {
              "line": 14,
              "column": 27
            }
          },
          "loc": {
            "start": {
              "line": 19,
              "column": 10
            },
            "end": {
              "line": 43,
              "column": null
            }
          }
        },
        "1": {
          "name": "(anonymous_10)",
          "decl": {
            "start": {
              "line": 33,
              "column": 10
            },
            "end": {
              "line": 33,
              "column": 19
            }
          },
          "loc": {
            "start": {
              "line": 33,
              "column": 21
            },
            "end": {
              "line": 40,
              "column": 4
            }
          }
        },
        "2": {
          "name": "(anonymous_11)",
          "decl": {
            "start": {
              "line": 33,
              "column": 21
            },
            "end": {
              "line": 33,
              "column": null
            }
          },
          "loc": {
            "start": {
              "line": 33,
              "column": 21
            },
            "end": {
              "line": 40,
              "column": 3
            }
          }
        }
      },
      "branchMap": {
        "0": {
          "loc": {
            "start": {
              "line": 20,
              "column": 14
            },
            "end": {
              "line": 20,
              "column": 19
            }
          },
          "type": "cond-expr",
          "locations": [
            {
              "start": {
                "line": 20,
                "column": 14
              },
              "end": {
                "line": 20,
                "column": 19
              }
            },
            {
              "start": {
                "line": 20,
                "column": 23
              },
              "end": {
                "line": 20,
                "column": 33
              }
            }
          ]
        },
        "1": {
          "loc": {
            "start": {
              "line": 20,
              "column": 14
            },
            "end": {
              "line": 20,
              "column": 23
            }
          },
          "type": "binary-expr",
          "locations": [
            {
              "start": {
                "line": 20,
                "column": 14
              },
              "end": {
                "line": 20,
                "column": 23
              }
            },
            {
              "start": {
                "line": 20,
                "column": 14
              },
              "end": {
                "line": 20,
                "column": 23
              }
            }
          ]
        }
      },
      "s": {
        "0": 0,
        "1": 0,
        "2": 0,
        "3": 0,
        "4": 0,
        "5": 0,
        "6": 0,
        "7": 0,
        "8": 0,
        "9": 0,
        "10": 0,
        "11": 0,
        "12": 0,
        "13": 0,
        "14": 0
      },
      "f": {
        "0": 0,
        "1": 0,
        "2": 0
      },
      "b": {
        "0": [
          0,
          0
        ],
        "1": [
          0,
          0
        ]
      }
    },
    "/home/runner/work/github-action-working-directory/github-action-working-directory/src/utils/wait.ts": {
      "path": "/home/runner/work/github-action-working-directory/github-action-working-directory/src/utils/wait.ts",
      "statementMap": {
        "0": {
          "start": {
            "line": 3,
            "column": 2
          },
          "end": {
            "line": 3,
            "column": 71
          }
        },
        "1": {
          "start": {
            "line": 3,
            "column": 27
          },
          "end": {
            "line": 3,
            "column": 71
          }
        },
        "2": {
          "start": {
            "line": 5,
            "column": 2
          },
          "end": {
            "line": 5,
            "column": 74
          }
        },
        "3": {
          "start": {
            "line": 5,
            "column": 24
          },
          "end": {
            "line": 5,
            "column": 74
          }
        },
        "4": {
          "start": {
            "line": 7,
            "column": 2
          },
          "end": {
            "line": 7,
            "column": 67
          }
        },
        "5": {
          "start": {
            "line": 7,
            "column": 32
          },
          "end": {
            "line": 7,
            "column": 65
          }
        },
        "6": {
          "start": {
            "line": 2,
            "column": 0
          },
          "end": {
            "line": 2,
            "column": 16
          }
        }
      },
      "fnMap": {
        "0": {
          "name": "wait",
          "decl": {
            "start": {
              "line": 2,
              "column": 16
            },
            "end": {
              "line": 2,
              "column": 20
            }
          },
          "loc": {
            "start": {
              "line": 2,
              "column": 41
            },
            "end": {
              "line": 8,
              "column": 1
            }
          }
        },
        "1": {
          "name": "(anonymous_1)",
          "decl": {
            "start": {
              "line": 7,
              "column": 21
            },
            "end": {
              "line": 7,
              "column": 28
            }
          },
          "loc": {
            "start": {
              "line": 7,
              "column": 32
            },
            "end": {
              "line": 7,
              "column": 65
            }
          }
        }
      },
      "branchMap": {
        "0": {
          "loc": {
            "start": {
              "line": 3,
              "column": 2
            },
            "end": {
              "line": 3,
              "column": 71
            }
          },
          "type": "if",
          "locations": [
            {
              "start": {
                "line": 3,
                "column": 2
              },
              "end": {
                "line": 3,
                "column": 71
              }
            },
            {
              "start": {
                "line": 3,
                "column": 2
              },
              "end": {
                "line": 3,
                "column": 71
              }
            }
          ]
        },
        "1": {
          "loc": {
            "start": {
              "line": 5,
              "column": 2
            },
            "end": {
              "line": 5,
              "column": 74
            }
          },
          "type": "if",
          "locations": [
            {
              "start": {
                "line": 5,
                "column": 2
              },
              "end": {
                "line": 5,
                "column": 74
              }
            },
            {
              "start": {
                "line": 5,
                "column": 2
              },
              "end": {
                "line": 5,
                "column": 74
              }
            }
          ]
        }
      },
      "s": {
        "0": 0,
        "1": 0,
        "2": 0,
        "3": 0,
        "4": 0,
        "5": 0,
        "6": 0
      },
      "f": {
        "0": 0,
        "1": 0
      },
      "b": {
        "0": [
          0,
          0
        ],
        "1": [
          0,
          0
        ]
      }
    },
    "/home/runner/work/github-action-working-directory/github-action-working-directory/src/commit.ts": {
      "path": "/home/runner/work/github-action-working-directory/github-action-working-directory/src/commit.ts",
      "statementMap": {
        "0": {
          "start": {
            "line": 2,
            "column": 0
          },
          "end": {
            "line": 2,
            "column": 33
          }
        },
        "1": {
          "start": {
            "line": 3,
            "column": 0
          },
          "end": {
            "line": 3,
            "column": 48
          }
        },
        "2": {
          "start": {
            "line": 4,
            "column": 0
          },
          "end": {
            "line": 4,
            "column": 54
          }
        },
        "3": {
          "start": {
            "line": 7,
            "column": 2
          },
          "end": {
            "line": 14,
            "column": null
          }
        },
        "4": {
          "start": {
            "line": 8,
            "column": 50
          },
          "end": {
            "line": 8,
            "column": 62
          }
        },
        "5": {
          "start": {
            "line": 9,
            "column": 22
          },
          "end": {
            "line": 9,
            "column": 26
          }
        },
        "6": {
          "start": {
            "line": 11,
            "column": 4
          },
          "end": {
            "line": 11,
            "column": 70
          }
        },
        "7": {
          "start": {
            "line": 13,
            "column": 4
          },
          "end": {
            "line": 13,
            "column": 34
          }
        },
        "8": {
          "start": {
            "line": 17,
            "column": 0
          },
          "end": {
            "line": 17,
            "column": 6
          }
        }
      },
      "fnMap": {
        "0": {
          "name": "run",
          "decl": {
            "start": {
              "line": 6,
              "column": 15
            },
            "end": {
              "line": 6,
              "column": 18
            }
          },
          "loc": {
            "start": {
              "line": 6,
              "column": 18
            },
            "end": {
              "line": 15,
              "column": null
            }
          }
        }
      },
      "branchMap": {},
      "s": {
        "0": 0,
        "1": 0,
        "2": 0,
        "3": 0,
        "4": 0,
        "5": 0,
        "6": 0,
        "7": 0,
        "8": 0
      },
      "f": {
        "0": 0
      },
      "b": {}
    }
  }
}