{
  "numFailedTestSuites": 0,
  "numFailedTests": 0,
  "numPassedTestSuites": 1,
  "numPassedTests": 3,
  "numPendingTestSuites": 0,
  "numPendingTests": 0,
  "numRuntimeErrorTestSuites": 0,
  "numTodoTests": 0,
  "numTotalTestSuites": 1,
  "numTotalTests": 3,
  "openHandles": [],
  "snapshot": {
    "added": 0,
    "didUpdate": false,
    "failure": false,
    "filesAdded": 0,
    "filesRemoved": 0,
    "filesRemovedList": [],
    "filesUnmatched": 0,
    "filesUpdated": 0,
    "matched": 0,
    "total": 0,
    "unchecked": 0,
    "uncheckedKeysByFile": [],
    "unmatched": 0,
    "updated": 0
  },
  "startTime": 1578223253345,
  "success": false,
  "testResults": [
    {
      "failureMessage": null,
      "numFailingTests": 0,
      "numPassingTests": 3,
      "numPendingTests": 0,
      "numTodoTests": 0,
      "perfStats": {
        "end": 1578223256685,
        "start": 1578223253391
      },
      "snapshot": {
        "added": 0,
        "fileDeleted": false,
        "matched": 0,
        "unchecked": 0,
        "unmatched": 0,
        "updated": 0,
        "uncheckedKeys": []
      },
      "testFilePath": "/home/runner/work/github-action-working-directory/github-action-working-directory/tests/main.ts",
      "testResults": [
        {
          "ancestorTitles": [
            "working-directory"
          ],
          "duration": 6,
          "failureMessages": [],
          "fullName": "working-directory throws invalid number",
          "location": null,
          "numPassingAsserts": 0,
          "status": "passed",
          "title": "throws invalid number"
        },
        {
          "ancestorTitles": [
            "working-directory"
          ],
          "duration": 502,
          "failureMessages": [],
          "fullName": "working-directory wait 500 ms",
          "location": null,
          "numPassingAsserts": 0,
          "status": "passed",
          "title": "wait 500 ms"
        },
        {
          "ancestorTitles": [
            "working-directory"
          ],
          "duration": 70,
          "failureMessages": [],
          "fullName": "working-directory test runs",
          "location": null,
          "numPassingAsserts": 0,
          "status": "passed",
          "title": "test runs"
        }
      ],
      "skipped": false,
      "leaks": false
    }
  ],
  "wasInterrupted": false,
  "coverageMap": {
    "/home/runner/work/github-action-working-directory/github-action-working-directory/src/wait.ts": {
      "path": "/home/runner/work/github-action-working-directory/github-action-working-directory/src/wait.ts",
      "statementMap": {
        "0": {
          "start": {
            "line": 2,
            "column": 2
          },
          "end": {
            "line": 8,
            "column": 5
          }
        },
        "1": {
          "start": {
            "line": 3,
            "column": 4
          },
          "end": {
            "line": 5,
            "column": null
          }
        },
        "2": {
          "start": {
            "line": 4,
            "column": 6
          },
          "end": {
            "line": 4,
            "column": 51
          }
        },
        "3": {
          "start": {
            "line": 7,
            "column": 4
          },
          "end": {
            "line": 7,
            "column": 53
          }
        },
        "4": {
          "start": {
            "line": 7,
            "column": 21
          },
          "end": {
            "line": 7,
            "column": 37
          }
        },
        "5": {
          "start": {
            "line": 1,
            "column": 0
          },
          "end": {
            "line": 1,
            "column": 22
          }
        }
      },
      "fnMap": {
        "0": {
          "name": "wait",
          "decl": {
            "start": {
              "line": 1,
              "column": 22
            },
            "end": {
              "line": 1,
              "column": 26
            }
          },
          "loc": {
            "start": {
              "line": 1,
              "column": 47
            },
            "end": {
              "line": 9,
              "column": null
            }
          }
        },
        "1": {
          "name": "(anonymous_9)",
          "decl": {
            "start": {
              "line": 2,
              "column": 21
            },
            "end": {
              "line": 2,
              "column": 28
            }
          },
          "loc": {
            "start": {
              "line": 2,
              "column": 31
            },
            "end": {
              "line": 8,
              "column": 3
            }
          }
        },
        "2": {
          "name": "(anonymous_10)",
          "decl": {
            "start": {
              "line": 7,
              "column": 15
            },
            "end": {
              "line": 7,
              "column": 18
            }
          },
          "loc": {
            "start": {
              "line": 7,
              "column": 21
            },
            "end": {
              "line": 7,
              "column": 37
            }
          }
        }
      },
      "branchMap": {
        "0": {
          "loc": {
            "start": {
              "line": 3,
              "column": 4
            },
            "end": {
              "line": 5,
              "column": null
            }
          },
          "type": "if",
          "locations": [
            {
              "start": {
                "line": 3,
                "column": 4
              },
              "end": {
                "line": 5,
                "column": null
              }
            },
            {
              "start": {
                "line": 3,
                "column": 4
              },
              "end": {
                "line": 5,
                "column": null
              }
            }
          ]
        }
      },
      "s": {
        "0": 2,
        "1": 2,
        "2": 1,
        "3": 1,
        "4": 1,
        "5": 1
      },
      "f": {
        "0": 2,
        "1": 2,
        "2": 1
      },
      "b": {
        "0": [
          1,
          1
        ]
      }
    },
    "/home/runner/work/github-action-working-directory/github-action-working-directory/src/commit.ts": {
      "path": "/home/runner/work/github-action-working-directory/github-action-working-directory/src/commit.ts",
      "statementMap": {
        "0": {
          "start": {
            "line": 2,
            "column": 0
          },
          "end": {
            "line": 2,
            "column": 33
          }
        },
        "1": {
          "start": {
            "line": 4,
            "column": 0
          },
          "end": {
            "line": 4,
            "column": 30
          }
        },
        "2": {
          "start": {
            "line": 7,
            "column": 2
          },
          "end": {
            "line": 18,
            "column": null
          }
        },
        "3": {
          "start": {
            "line": 8,
            "column": 23
          },
          "end": {
            "line": 8,
            "column": 52
          }
        },
        "4": {
          "start": {
            "line": 9,
            "column": 4
          },
          "end": {
            "line": 9,
            "column": 49
          }
        },
        "5": {
          "start": {
            "line": 11,
            "column": 4
          },
          "end": {
            "line": 11,
            "column": 42
          }
        },
        "6": {
          "start": {
            "line": 12,
            "column": 4
          },
          "end": {
            "line": 12,
            "column": 33
          }
        },
        "7": {
          "start": {
            "line": 13,
            "column": 4
          },
          "end": {
            "line": 13,
            "column": 42
          }
        },
        "8": {
          "start": {
            "line": 15,
            "column": 4
          },
          "end": {
            "line": 15,
            "column": 54
          }
        },
        "9": {
          "start": {
            "line": 17,
            "column": 4
          },
          "end": {
            "line": 17,
            "column": 34
          }
        },
        "10": {
          "start": {
            "line": 21,
            "column": 0
          },
          "end": {
            "line": 21,
            "column": 6
          }
        }
      },
      "fnMap": {
        "0": {
          "name": "run",
          "decl": {
            "start": {
              "line": 6,
              "column": 15
            },
            "end": {
              "line": 6,
              "column": 18
            }
          },
          "loc": {
            "start": {
              "line": 6,
              "column": 18
            },
            "end": {
              "line": 19,
              "column": null
            }
          }
        }
      },
      "branchMap": {},
      "s": {
        "0": 0,
        "1": 0,
        "2": 0,
        "3": 0,
        "4": 0,
        "5": 0,
        "6": 0,
        "7": 0,
        "8": 0,
        "9": 0,
        "10": 0
      },
      "f": {
        "0": 0
      },
      "b": {}
    },
    "/home/runner/work/github-action-working-directory/github-action-working-directory/src/main.ts": {
      "path": "/home/runner/work/github-action-working-directory/github-action-working-directory/src/main.ts",
      "statementMap": {
        "0": {
          "start": {
            "line": 2,
            "column": 0
          },
          "end": {
            "line": 2,
            "column": 33
          }
        },
        "1": {
          "start": {
            "line": 4,
            "column": 0
          },
          "end": {
            "line": 4,
            "column": 30
          }
        },
        "2": {
          "start": {
            "line": 7,
            "column": 2
          },
          "end": {
            "line": 18,
            "column": null
          }
        },
        "3": {
          "start": {
            "line": 8,
            "column": 23
          },
          "end": {
            "line": 8,
            "column": 52
          }
        },
        "4": {
          "start": {
            "line": 9,
            "column": 4
          },
          "end": {
            "line": 9,
            "column": 49
          }
        },
        "5": {
          "start": {
            "line": 11,
            "column": 4
          },
          "end": {
            "line": 11,
            "column": 42
          }
        },
        "6": {
          "start": {
            "line": 12,
            "column": 4
          },
          "end": {
            "line": 12,
            "column": 33
          }
        },
        "7": {
          "start": {
            "line": 13,
            "column": 4
          },
          "end": {
            "line": 13,
            "column": 42
          }
        },
        "8": {
          "start": {
            "line": 15,
            "column": 4
          },
          "end": {
            "line": 15,
            "column": 54
          }
        },
        "9": {
          "start": {
            "line": 17,
            "column": 4
          },
          "end": {
            "line": 17,
            "column": 34
          }
        },
        "10": {
          "start": {
            "line": 21,
            "column": 0
          },
          "end": {
            "line": 21,
            "column": 6
          }
        }
      },
      "fnMap": {
        "0": {
          "name": "run",
          "decl": {
            "start": {
              "line": 6,
              "column": 15
            },
            "end": {
              "line": 6,
              "column": 18
            }
          },
          "loc": {
            "start": {
              "line": 6,
              "column": 18
            },
            "end": {
              "line": 19,
              "column": null
            }
          }
        }
      },
      "branchMap": {},
      "s": {
        "0": 0,
        "1": 0,
        "2": 0,
        "3": 0,
        "4": 0,
        "5": 0,
        "6": 0,
        "7": 0,
        "8": 0,
        "9": 0,
        "10": 0
      },
      "f": {
        "0": 0
      },
      "b": {}
    }
  }
}