<?xml version="1.0" encoding="UTF-8"?>
<coverage generated="1578223052256" clover="3.2.0">
  <project timestamp="1578223052256" name="All files">
    <metrics statements="16" coveredstatements="5" conditionals="2" coveredconditionals="2" methods="4" coveredmethods="3" elements="22" coveredelements="10" complexity="0" loc="16" ncloc="16" packages="1" files="2" classes="2"/>
    <file name="main.ts" path="/home/runner/work/github-action-working-directory/github-action-working-directory/src/main.ts">
      <metrics statements="11" coveredstatements="0" conditionals="0" coveredconditionals="0" methods="1" coveredmethods="0"/>
      <line num="2" count="0" type="stmt"/>
      <line num="4" count="0" type="stmt"/>
      <line num="7" count="0" type="stmt"/>
      <line num="8" count="0" type="stmt"/>
      <line num="9" count="0" type="stmt"/>
      <line num="11" count="0" type="stmt"/>
      <line num="12" count="0" type="stmt"/>
      <line num="13" count="0" type="stmt"/>
      <line num="15" count="0" type="stmt"/>
      <line num="17" count="0" type="stmt"/>
      <line num="21" count="0" type="stmt"/>
    </file>
    <file name="wait.ts" path="/home/runner/work/github-action-working-directory/github-action-working-directory/src/wait.ts">
      <metrics statements="5" coveredstatements="5" conditionals="2" coveredconditionals="2" methods="3" coveredmethods="3"/>
      <line num="1" count="1" type="stmt"/>
      <line num="2" count="2" type="stmt"/>
      <line num="3" count="2" type="cond" truecount="2" falsecount="0"/>
      <line num="4" count="1" type="stmt"/>
      <line num="7" count="1" type="stmt"/>
    </file>
  </project>
</coverage>
