{"/home/runner/work/github-action-working-directory/github-action-working-directory/src/clone.ts": {"path":"/home/runner/work/github-action-working-directory/github-action-working-directory/src/clone.ts","statementMap":{"0":{"start":{"line":2,"column":0},"end":{"line":2,"column":38}},"1":{"start":{"line":3,"column":0},"end":{"line":3,"column":48}},"2":{"start":{"line":4,"column":0},"end":{"line":4,"column":38}},"3":{"start":{"line":7,"column":2},"end":{"line":17,"column":null}},"4":{"start":{"line":8,"column":43},"end":{"line":8,"column":55}},"5":{"start":{"line":10,"column":18},"end":{"line":10,"column":37}},"6":{"start":{"line":12,"column":16},"end":{"line":12,"column":54}},"7":{"start":{"line":14,"column":4},"end":{"line":14,"column":44}},"8":{"start":{"line":16,"column":4},"end":{"line":16,"column":34}},"9":{"start":{"line":20,"column":0},"end":{"line":20,"column":6}}},"fnMap":{"0":{"name":"run","decl":{"start":{"line":6,"column":15},"end":{"line":6,"column":18}},"loc":{"start":{"line":6,"column":18},"end":{"line":18,"column":null}}}},"branchMap":{},"s":{"0":0,"1":0,"2":0,"3":0,"4":0,"5":0,"6":0,"7":0,"8":0,"9":0},"f":{"0":0},"b":{}}
,"/home/runner/work/github-action-working-directory/github-action-working-directory/src/commit.ts": {"path":"/home/runner/work/github-action-working-directory/github-action-working-directory/src/commit.ts","statementMap":{"0":{"start":{"line":2,"column":0},"end":{"line":2,"column":38}},"1":{"start":{"line":3,"column":0},"end":{"line":3,"column":48}},"2":{"start":{"line":4,"column":0},"end":{"line":4,"column":54}},"3":{"start":{"line":7,"column":2},"end":{"line":14,"column":null}},"4":{"start":{"line":8,"column":50},"end":{"line":8,"column":62}},"5":{"start":{"line":9,"column":22},"end":{"line":9,"column":26}},"6":{"start":{"line":11,"column":4},"end":{"line":11,"column":64}},"7":{"start":{"line":13,"column":4},"end":{"line":13,"column":34}},"8":{"start":{"line":17,"column":0},"end":{"line":17,"column":6}}},"fnMap":{"0":{"name":"run","decl":{"start":{"line":6,"column":15},"end":{"line":6,"column":18}},"loc":{"start":{"line":6,"column":18},"end":{"line":15,"column":null}}}},"branchMap":{},"s":{"0":0,"1":0,"2":0,"3":0,"4":0,"5":0,"6":0,"7":0,"8":0},"f":{"0":0},"b":{}}
,"/home/runner/work/github-action-working-directory/github-action-working-directory/src/utils/clone.ts": {"path":"/home/runner/work/github-action-working-directory/github-action-working-directory/src/utils/clone.ts","statementMap":{"0":{"start":{"line":1,"column":0},"end":{"line":1,"column":43}},"1":{"start":{"line":2,"column":0},"end":{"line":2,"column":38}},"2":{"start":{"line":17,"column":2},"end":{"line":19,"column":null}},"3":{"start":{"line":18,"column":4},"end":{"line":18,"column":23}},"4":{"start":{"line":21,"column":2},"end":{"line":21,"column":53}},"5":{"start":{"line":25,"column":21},"end":{"line":25,"column":52}},"6":{"start":{"line":27,"column":2},"end":{"line":27,"column":42}},"7":{"start":{"line":29,"column":2},"end":{"line":44,"column":null}},"8":{"start":{"line":30,"column":16},"end":{"line":30,"column":55}},"9":{"start":{"line":34,"column":4},"end":{"line":34,"column":32}},"10":{"start":{"line":36,"column":4},"end":{"line":36,"column":15}},"11":{"start":{"line":38,"column":4},"end":{"line":38,"column":39}},"12":{"start":{"line":38,"column":31},"end":{"line":38,"column":39}},"13":{"start":{"line":39,"column":4},"end":{"line":39,"column":70}},"14":{"start":{"line":39,"column":62},"end":{"line":39,"column":70}},"15":{"start":{"line":41,"column":4},"end":{"line":41,"column":56}},"16":{"start":{"line":43,"column":4},"end":{"line":43,"column":16}},"17":{"start":{"line":11,"column":0},"end":{"line":11,"column":22}}},"fnMap":{"0":{"name":"clone","decl":{"start":{"line":11,"column":22},"end":{"line":11,"column":27}},"loc":{"start":{"line":16,"column":10},"end":{"line":45,"column":null}}}},"branchMap":{"0":{"loc":{"start":{"line":17,"column":2},"end":{"line":19,"column":null}},"type":"if","locations":[{"start":{"line":17,"column":2},"end":{"line":19,"column":null}},{"start":{"line":17,"column":2},"end":{"line":19,"column":null}}]},"1":{"loc":{"start":{"line":38,"column":4},"end":{"line":38,"column":39}},"type":"if","locations":[{"start":{"line":38,"column":4},"end":{"line":38,"column":39}},{"start":{"line":38,"column":4},"end":{"line":38,"column":39}}]},"2":{"loc":{"start":{"line":39,"column":4},"end":{"line":39,"column":70}},"type":"if","locations":[{"start":{"line":39,"column":4},"end":{"line":39,"column":70}},{"start":{"line":39,"column":4},"end":{"line":39,"column":70}}]}},"s":{"0":1,"1":1,"2":2,"3":2,"4":2,"5":2,"6":2,"7":2,"8":2,"9":0,"10":0,"11":2,"12":2,"13":0,"14":0,"15":0,"16":0,"17":1},"f":{"0":2},"b":{"0":[2,0],"1":[2,0],"2":[0,0]}}
,"/home/runner/work/github-action-working-directory/github-action-working-directory/src/utils/commitAndPush.ts": {"path":"/home/runner/work/github-action-working-directory/github-action-working-directory/src/utils/commitAndPush.ts","statementMap":{"0":{"start":{"line":1,"column":0},"end":{"line":1,"column":30}},"1":{"start":{"line":2,"column":0},"end":{"line":2,"column":38}},"2":{"start":{"line":30,"column":2},"end":{"line":32,"column":null}},"3":{"start":{"line":31,"column":4},"end":{"line":31,"column":23}},"4":{"start":{"line":34,"column":2},"end":{"line":34,"column":21}},"5":{"start":{"line":35,"column":21},"end":{"line":35,"column":65}},"6":{"start":{"line":38,"column":17},"end":{"line":38,"column":51}},"7":{"start":{"line":40,"column":2},"end":{"line":40,"column":40}},"8":{"start":{"line":42,"column":20},"end":{"line":42,"column":26}},"9":{"start":{"line":44,"column":2},"end":{"line":44,"column":46}},"10":{"start":{"line":46,"column":2},"end":{"line":46,"column":25}},"11":{"start":{"line":47,"column":16},"end":{"line":47,"column":47}},"12":{"start":{"line":49,"column":2},"end":{"line":49,"column":25}},"13":{"start":{"line":51,"column":21},"end":{"line":51,"column":26}},"14":{"start":{"line":53,"column":22},"end":{"line":59,"column":null}},"15":{"start":{"line":57,"column":6},"end":{"line":57,"column":57}},"16":{"start":{"line":58,"column":6},"end":{"line":58,"column":15}},"17":{"start":{"line":64,"column":2},"end":{"line":64,"column":44}},"18":{"start":{"line":66,"column":2},"end":{"line":66,"column":23}},"19":{"start":{"line":67,"column":2},"end":{"line":67,"column":16}},"20":{"start":{"line":69,"column":2},"end":{"line":69,"column":28}},"21":{"start":{"line":70,"column":15},"end":{"line":70,"column":38}},"22":{"start":{"line":72,"column":24},"end":{"line":72,"column":58}},"23":{"start":{"line":74,"column":18},"end":{"line":74,"column":42}},"24":{"start":{"line":76,"column":17},"end":{"line":82,"column":null}},"25":{"start":{"line":85,"column":2},"end":{"line":85,"column":62}},"26":{"start":{"line":87,"column":17},"end":{"line":87,"column":53}},"27":{"start":{"line":89,"column":2},"end":{"line":89,"column":30}},"28":{"start":{"line":91,"column":2},"end":{"line":91,"column":16}},"29":{"start":{"line":22,"column":0},"end":{"line":22,"column":22}}},"fnMap":{"0":{"name":"commitAndPush","decl":{"start":{"line":22,"column":22},"end":{"line":22,"column":35}},"loc":{"start":{"line":29,"column":10},"end":{"line":92,"column":null}}},"1":{"name":"(anonymous_11)","decl":{"start":{"line":56,"column":4},"end":{"line":56,"column":5}},"loc":{"start":{"line":56,"column":43},"end":{"line":59,"column":5}}}},"branchMap":{"0":{"loc":{"start":{"line":30,"column":2},"end":{"line":32,"column":null}},"type":"if","locations":[{"start":{"line":30,"column":2},"end":{"line":32,"column":null}},{"start":{"line":30,"column":2},"end":{"line":32,"column":null}}]}},"s":{"0":1,"1":1,"2":0,"3":0,"4":0,"5":0,"6":0,"7":0,"8":0,"9":0,"10":0,"11":0,"12":0,"13":0,"14":0,"15":0,"16":0,"17":0,"18":0,"19":0,"20":0,"21":0,"22":0,"23":0,"24":0,"25":0,"26":0,"27":0,"28":0,"29":1},"f":{"0":0,"1":0},"b":{"0":[0,0]}}
,"/home/runner/work/github-action-working-directory/github-action-working-directory/src/utils/readInputs.ts": {"path":"/home/runner/work/github-action-working-directory/github-action-working-directory/src/utils/readInputs.ts","statementMap":{"0":{"start":{"line":1,"column":0},"end":{"line":1,"column":38}},"1":{"start":{"line":14,"column":2},"end":{"line":14,"column":31}},"2":{"start":{"line":16,"column":17},"end":{"line":16,"column":60}},"3":{"start":{"line":19,"column":4},"end":{"line":20,"column":57}},"4":{"start":{"line":22,"column":14},"end":{"line":22,"column":48}},"5":{"start":{"line":24,"column":18},"end":{"line":24,"column":49}},"6":{"start":{"line":26,"column":15},"end":{"line":26,"column":43}},"7":{"start":{"line":28,"column":16},"end":{"line":28,"column":45}},"8":{"start":{"line":30,"column":20},"end":{"line":30,"column":53}},"9":{"start":{"line":32,"column":25},"end":{"line":40,"column":4}},"10":{"start":{"line":42,"column":2},"end":{"line":42,"column":16}},"11":{"start":{"line":13,"column":0},"end":{"line":13,"column":16}}},"fnMap":{"0":{"name":"readInputs","decl":{"start":{"line":13,"column":16},"end":{"line":13,"column":26}},"loc":{"start":{"line":13,"column":26},"end":{"line":43,"column":1}}}},"branchMap":{"0":{"loc":{"start":{"line":19,"column":4},"end":{"line":19,"column":25}},"type":"binary-expr","locations":[{"start":{"line":19,"column":4},"end":{"line":19,"column":25}},{"start":{"line":20,"column":4},"end":{"line":20,"column":57}}]}},"s":{"0":1,"1":0,"2":0,"3":0,"4":0,"5":0,"6":0,"7":0,"8":0,"9":0,"10":0,"11":1},"f":{"0":0},"b":{"0":[0,0]}}
,"/home/runner/work/github-action-working-directory/github-action-working-directory/src/utils/wait.ts": {"path":"/home/runner/work/github-action-working-directory/github-action-working-directory/src/utils/wait.ts","statementMap":{"0":{"start":{"line":2,"column":2},"end":{"line":8,"column":5}},"1":{"start":{"line":3,"column":4},"end":{"line":5,"column":null}},"2":{"start":{"line":4,"column":6},"end":{"line":4,"column":51}},"3":{"start":{"line":7,"column":4},"end":{"line":7,"column":53}},"4":{"start":{"line":7,"column":21},"end":{"line":7,"column":37}},"5":{"start":{"line":1,"column":0},"end":{"line":1,"column":22}}},"fnMap":{"0":{"name":"wait","decl":{"start":{"line":1,"column":22},"end":{"line":1,"column":26}},"loc":{"start":{"line":1,"column":47},"end":{"line":9,"column":null}}},"1":{"name":"(anonymous_9)","decl":{"start":{"line":2,"column":21},"end":{"line":2,"column":28}},"loc":{"start":{"line":2,"column":31},"end":{"line":8,"column":3}}},"2":{"name":"(anonymous_10)","decl":{"start":{"line":7,"column":15},"end":{"line":7,"column":18}},"loc":{"start":{"line":7,"column":21},"end":{"line":7,"column":37}}}},"branchMap":{"0":{"loc":{"start":{"line":3,"column":4},"end":{"line":5,"column":null}},"type":"if","locations":[{"start":{"line":3,"column":4},"end":{"line":5,"column":null}},{"start":{"line":3,"column":4},"end":{"line":5,"column":null}}]}},"s":{"0":0,"1":0,"2":0,"3":0,"4":0,"5":0},"f":{"0":0,"1":0,"2":0},"b":{"0":[0,0]}}
}
