TN:
SF:/home/runner/work/github-action-working-directory/github-action-working-directory/src/commit.ts
FN:6,run
FNF:1
FNH:0
FNDA:0,run
DA:2,0
DA:4,0
DA:7,0
DA:8,0
DA:9,0
DA:11,0
DA:12,0
DA:13,0
DA:15,0
DA:17,0
DA:21,0
LF:11
LH:0
BRF:0
BRH:0
end_of_record
TN:
SF:/home/runner/work/github-action-working-directory/github-action-working-directory/src/main.ts
FN:6,run
FNF:1
FNH:0
FNDA:0,run
DA:2,0
DA:4,0
DA:7,0
DA:8,0
DA:9,0
DA:11,0
DA:12,0
DA:13,0
DA:15,0
DA:17,0
DA:21,0
LF:11
LH:0
BRF:0
BRH:0
end_of_record
TN:
SF:/home/runner/work/github-action-working-directory/github-action-working-directory/src/wait.ts
FN:1,wait
FN:2,(anonymous_9)
FN:7,(anonymous_10)
FNF:3
FNH:3
FNDA:2,wait
FNDA:2,(anonymous_9)
FNDA:1,(anonymous_10)
DA:1,1
DA:2,2
DA:3,2
DA:4,1
DA:7,1
LF:5
LH:5
BRDA:3,0,0,1
BRDA:3,0,1,1
BRF:2
BRH:2
end_of_record
