TN:
SF:src/clone.ts
FN:6,run
FNF:1
FNH:0
FNDA:0,run
DA:2,0
DA:3,0
DA:4,0
DA:7,0
DA:8,0
DA:10,0
DA:12,0
DA:14,0
DA:16,0
DA:20,0
LF:10
LH:0
BRF:0
BRH:0
end_of_record
TN:
SF:src/commit.ts
FN:6,run
FNF:1
FNH:0
FNDA:0,run
DA:2,0
DA:3,0
DA:4,0
DA:7,0
DA:8,0
DA:9,0
DA:11,0
DA:13,0
DA:17,0
LF:9
LH:0
BRF:0
BRH:0
end_of_record
TN:
SF:src/utils/clone.ts
FN:14,clone
FN:33,(anonymous_10)
FN:33,(anonymous_11)
FNF:3
FNH:0
FNDA:0,clone
FNDA:0,(anonymous_10)
FNDA:0,(anonymous_11)
DA:1,0
DA:2,0
DA:3,0
DA:5,0
DA:14,0
DA:20,0
DA:22,0
DA:24,0
DA:33,0
DA:34,0
DA:36,0
DA:37,0
DA:38,0
DA:39,0
DA:42,0
LF:15
LH:0
BRDA:20,0,0,0
BRDA:20,0,1,0
BRDA:20,1,0,0
BRDA:20,1,1,0
BRF:4
BRH:0
end_of_record
TN:
SF:src/utils/commitAndPush.ts
FN:22,commitAndPush
FNF:1
FNH:0
FNDA:0,commitAndPush
DA:1,1
DA:2,1
DA:22,1
DA:30,0
DA:32,0
DA:34,0
DA:36,0
DA:38,0
DA:48,0
DA:50,0
LF:10
LH:3
BRDA:30,0,0,0
BRDA:30,0,1,0
BRDA:30,1,0,0
BRDA:30,1,1,0
BRF:4
BRH:0
end_of_record
TN:
SF:src/utils/readInputs.ts
FN:13,readInputs
FNF:1
FNH:0
FNDA:0,readInputs
DA:1,1
DA:13,1
DA:14,0
DA:16,0
DA:19,0
DA:22,0
DA:24,0
DA:26,0
DA:28,0
DA:30,0
DA:32,0
DA:42,0
LF:12
LH:2
BRDA:19,0,0,0
BRDA:19,0,1,0
BRF:2
BRH:0
end_of_record
TN:
SF:src/utils/spawn.ts
FN:71,spawn
FN:88,(anonymous_1)
FN:89,(anonymous_2)
FN:117,exec
FNF:4
FNH:0
FNDA:0,spawn
FNDA:0,(anonymous_1)
FNDA:0,(anonymous_2)
FNDA:0,exec
DA:1,1
DA:8,1
DA:10,1
DA:71,1
DA:77,0
DA:80,0
DA:88,0
DA:89,0
DA:90,0
DA:91,0
DA:93,0
DA:98,0
DA:100,0
DA:103,1
DA:117,1
DA:124,0
DA:125,0
DA:128,0
DA:130,0
LF:19
LH:6
BRDA:81,0,0,0
BRDA:81,0,1,0
BRDA:85,1,0,0
BRDA:85,1,1,0
BRDA:90,2,0,0
BRDA:90,2,1,0
BRDA:119,3,0,0
BRDA:124,4,0,0
BRDA:124,4,1,0
BRDA:128,5,0,0
BRDA:128,5,1,0
BRF:11
BRH:0
end_of_record
TN:
SF:src/utils/wait.ts
FN:2,wait
FN:7,(anonymous_1)
FNF:2
FNH:0
FNDA:0,wait
FNDA:0,(anonymous_1)
DA:2,0
DA:3,0
DA:5,0
DA:7,0
LF:4
LH:0
BRDA:3,0,0,0
BRDA:3,0,1,0
BRDA:5,1,0,0
BRDA:5,1,1,0
BRF:4
BRH:0
end_of_record
